Epoch/Iter:000/0000 Train Loss:2.293078 
Epoch/Iter:000/0000 Test Loss:2.124646 acc:0.206503 data:val 
step: 001/600 0% [Remain: 0h/11m/50s | 1.19s/step]

Epoch/Iter:001/0000 Train Loss:2.156104 
Epoch/Iter:001/0000 Test Loss:1.859691 acc:0.215794 data:val 
step: 002/600 0% [Remain: 0h/10m/19s | 1.04s/step]

Epoch/Iter:002/0000 Train Loss:1.874989 
Epoch/Iter:002/0000 Test Loss:1.661191 acc:0.259291 data:val 
step: 003/600 0% [Remain: 0h/10m/ 1s | 1.01s/step]

Epoch/Iter:003/0000 Train Loss:1.776366 
Epoch/Iter:003/0000 Test Loss:1.505235 acc:0.345861 data:val 
step: 004/600 1% [Remain: 0h/ 9m/51s | 0.99s/step]

Epoch/Iter:004/0000 Train Loss:1.482619 
Epoch/Iter:004/0000 Test Loss:1.464915 acc:0.310811 data:val 
step: 005/600 1% [Remain: 0h/ 9m/46s | 0.99s/step]

Epoch/Iter:005/0000 Train Loss:1.433154 
Epoch/Iter:005/0000 Test Loss:1.224202 acc:0.427365 data:val 
step: 006/600 1% [Remain: 0h/ 9m/41s | 0.98s/step]

Epoch/Iter:006/0000 Train Loss:1.220859 
Epoch/Iter:006/0000 Test Loss:1.144795 acc:0.474240 data:val 
step: 007/600 1% [Remain: 0h/ 9m/35s | 0.97s/step]

Epoch/Iter:007/0000 Train Loss:1.084016 
Epoch/Iter:007/0000 Test Loss:1.146764 acc:0.514780 data:val 
step: 008/600 1% [Remain: 0h/ 9m/28s | 0.96s/step]

Epoch/Iter:008/0000 Train Loss:1.083335 
Epoch/Iter:008/0000 Test Loss:1.068036 acc:0.497466 data:val 
step: 009/600 2% [Remain: 0h/ 9m/21s | 0.95s/step]

Epoch/Iter:009/0000 Train Loss:1.064543 
Epoch/Iter:009/0000 Test Loss:1.171930 acc:0.457770 data:val 
step: 010/600 2% [Remain: 0h/ 9m/18s | 0.95s/step]

Epoch/Iter:010/0000 Train Loss:1.113002 
Epoch/Iter:010/0000 Test Loss:1.059294 acc:0.510980 data:val 
step: 011/600 2% [Remain: 0h/ 9m/16s | 0.95s/step]

Epoch/Iter:011/0000 Train Loss:1.291361 
Epoch/Iter:011/0000 Test Loss:1.047364 acc:0.502111 data:val 
step: 012/600 2% [Remain: 0h/ 9m/17s | 0.95s/step]

Epoch/Iter:012/0000 Train Loss:1.027434 
Epoch/Iter:012/0000 Test Loss:1.014160 acc:0.512247 data:val 
step: 013/600 2% [Remain: 0h/ 9m/14s | 0.94s/step]

Epoch/Iter:013/0000 Train Loss:1.031231 
Epoch/Iter:013/0000 Test Loss:1.032451 acc:0.529983 data:val 
step: 014/600 2% [Remain: 0h/ 9m/11s | 0.94s/step]

Epoch/Iter:014/0000 Train Loss:1.023541 
Epoch/Iter:014/0000 Test Loss:1.022613 acc:0.503378 data:val 
step: 015/600 2% [Remain: 0h/ 9m/ 9s | 0.94s/step]

Epoch/Iter:015/0000 Train Loss:1.049067 
Epoch/Iter:015/0000 Test Loss:1.031262 acc:0.503801 data:val 
step: 016/600 3% [Remain: 0h/ 9m/ 7s | 0.94s/step]

Epoch/Iter:016/0000 Train Loss:0.884398 
Epoch/Iter:016/0000 Test Loss:0.995688 acc:0.515203 data:val 
step: 017/600 3% [Remain: 0h/ 9m/ 5s | 0.94s/step]

Epoch/Iter:017/0000 Train Loss:1.085987 
Epoch/Iter:017/0000 Test Loss:1.029976 acc:0.508868 data:val 
step: 018/600 3% [Remain: 0h/ 9m/ 3s | 0.93s/step]

Epoch/Iter:018/0000 Train Loss:0.941433 
Epoch/Iter:018/0000 Test Loss:1.017331 acc:0.508868 data:val 
step: 019/600 3% [Remain: 0h/ 9m/ 0s | 0.93s/step]

Epoch/Iter:019/0000 Train Loss:0.947496 
Epoch/Iter:019/0000 Test Loss:1.076539 acc:0.479730 data:val 
step: 020/600 3% [Remain: 0h/ 8m/59s | 0.93s/step]

Epoch/Iter:020/0000 Train Loss:1.200398 
Epoch/Iter:020/0000 Test Loss:1.025229 acc:0.502111 data:val 
step: 021/600 4% [Remain: 0h/ 8m/58s | 0.93s/step]

Epoch/Iter:021/0000 Train Loss:1.023864 
Epoch/Iter:021/0000 Test Loss:0.980512 acc:0.510557 data:val 
step: 022/600 4% [Remain: 0h/ 8m/57s | 0.93s/step]

Epoch/Iter:022/0000 Train Loss:0.933387 
Epoch/Iter:022/0000 Test Loss:1.028725 acc:0.502956 data:val 
step: 023/600 4% [Remain: 0h/ 8m/57s | 0.93s/step]

Epoch/Iter:023/0000 Train Loss:1.222352 
Epoch/Iter:023/0000 Test Loss:0.964930 acc:0.521959 data:val 
step: 024/600 4% [Remain: 0h/ 8m/56s | 0.93s/step]

Epoch/Iter:024/0000 Train Loss:0.917330 
Epoch/Iter:024/0000 Test Loss:0.982687 acc:0.519426 data:val 
step: 025/600 4% [Remain: 0h/ 8m/54s | 0.93s/step]

Epoch/Iter:025/0000 Train Loss:0.980572 
Epoch/Iter:025/0000 Test Loss:1.096783 acc:0.477196 data:val 
step: 026/600 4% [Remain: 0h/ 8m/52s | 0.93s/step]

Epoch/Iter:026/0000 Train Loss:0.883950 
Epoch/Iter:026/0000 Test Loss:0.999897 acc:0.499155 data:val 
step: 027/600 4% [Remain: 0h/ 8m/49s | 0.92s/step]

Epoch/Iter:027/0000 Train Loss:1.031285 
Epoch/Iter:027/0000 Test Loss:0.988551 acc:0.508024 data:val 
step: 028/600 5% [Remain: 0h/ 8m/48s | 0.92s/step]

Epoch/Iter:028/0000 Train Loss:0.989622 
Epoch/Iter:028/0000 Test Loss:0.975421 acc:0.492399 data:val 
step: 029/600 5% [Remain: 0h/ 8m/47s | 0.92s/step]

Epoch/Iter:029/0000 Train Loss:0.870281 
Epoch/Iter:029/0000 Test Loss:1.043545 acc:0.496199 data:val 
step: 030/600 5% [Remain: 0h/ 8m/46s | 0.92s/step]

Epoch/Iter:030/0000 Train Loss:0.979840 
Epoch/Iter:030/0000 Test Loss:1.027503 acc:0.467905 data:val 
step: 031/600 5% [Remain: 0h/ 8m/44s | 0.92s/step]

Epoch/Iter:031/0000 Train Loss:1.383776 
Epoch/Iter:031/0000 Test Loss:0.969643 acc:0.519003 data:val 
step: 032/600 5% [Remain: 0h/ 8m/43s | 0.92s/step]

Epoch/Iter:032/0000 Train Loss:0.843446 
Epoch/Iter:032/0000 Test Loss:1.001688 acc:0.483108 data:val 
step: 033/600 6% [Remain: 0h/ 8m/42s | 0.92s/step]

Epoch/Iter:033/0000 Train Loss:0.861462 
Epoch/Iter:033/0000 Test Loss:1.065583 acc:0.494932 data:val 
step: 034/600 6% [Remain: 0h/ 8m/41s | 0.92s/step]

Epoch/Iter:034/0000 Train Loss:0.978203 
Epoch/Iter:034/0000 Test Loss:1.013760 acc:0.474240 data:val 
step: 035/600 6% [Remain: 0h/ 8m/41s | 0.92s/step]

Epoch/Iter:035/0000 Train Loss:1.008805 
Epoch/Iter:035/0000 Test Loss:0.998021 acc:0.501267 data:val 
step: 036/600 6% [Remain: 0h/ 8m/39s | 0.92s/step]

Epoch/Iter:036/0000 Train Loss:0.855175 
Epoch/Iter:036/0000 Test Loss:0.986498 acc:0.493243 data:val 
step: 037/600 6% [Remain: 0h/ 8m/37s | 0.92s/step]

Epoch/Iter:037/0000 Train Loss:0.978375 
Epoch/Iter:037/0000 Test Loss:1.009480 acc:0.502956 data:val 
step: 038/600 6% [Remain: 0h/ 8m/36s | 0.92s/step]

Epoch/Iter:038/0000 Train Loss:0.984519 
Epoch/Iter:038/0000 Test Loss:0.992029 acc:0.502534 data:val 
step: 039/600 6% [Remain: 0h/ 8m/35s | 0.92s/step]

Epoch/Iter:039/0000 Train Loss:0.928713 
Epoch/Iter:039/0000 Test Loss:0.986399 acc:0.481841 data:val 
step: 040/600 7% [Remain: 0h/ 8m/33s | 0.92s/step]

Epoch/Iter:040/0000 Train Loss:0.956145 
Epoch/Iter:040/0000 Test Loss:0.986378 acc:0.479307 data:val 
step: 041/600 7% [Remain: 0h/ 8m/32s | 0.92s/step]

Epoch/Iter:041/0000 Train Loss:0.948690 
Epoch/Iter:041/0000 Test Loss:0.961813 acc:0.515625 data:val 
step: 042/600 7% [Remain: 0h/ 8m/32s | 0.92s/step]

Epoch/Iter:042/0000 Train Loss:0.852618 
Epoch/Iter:042/0000 Test Loss:1.013097 acc:0.491554 data:val 
step: 043/600 7% [Remain: 0h/ 8m/31s | 0.92s/step]

Epoch/Iter:043/0000 Train Loss:1.020813 
Epoch/Iter:043/0000 Test Loss:0.954751 acc:0.533361 data:val 
step: 044/600 7% [Remain: 0h/ 8m/31s | 0.92s/step]

Epoch/Iter:044/0000 Train Loss:0.837323 
Epoch/Iter:044/0000 Test Loss:1.035142 acc:0.509713 data:val 
step: 045/600 8% [Remain: 0h/ 8m/30s | 0.92s/step]

Epoch/Iter:045/0000 Train Loss:0.799772 
Epoch/Iter:045/0000 Test Loss:0.993584 acc:0.505068 data:val 
step: 046/600 8% [Remain: 0h/ 8m/29s | 0.92s/step]

Epoch/Iter:046/0000 Train Loss:0.907924 
Epoch/Iter:046/0000 Test Loss:1.018611 acc:0.462416 data:val 
step: 047/600 8% [Remain: 0h/ 8m/28s | 0.92s/step]

Epoch/Iter:047/0000 Train Loss:0.976186 
Epoch/Iter:047/0000 Test Loss:0.971596 acc:0.508024 data:val 
step: 048/600 8% [Remain: 0h/ 8m/27s | 0.92s/step]

Epoch/Iter:048/0000 Train Loss:0.828452 
Epoch/Iter:048/0000 Test Loss:1.059099 acc:0.494932 data:val 
step: 049/600 8% [Remain: 0h/ 8m/26s | 0.92s/step]

Epoch/Iter:049/0000 Train Loss:1.083130 
Epoch/Iter:049/0000 Test Loss:0.957814 acc:0.524493 data:val 
step: 050/600 8% [Remain: 0h/ 8m/25s | 0.92s/step]

Epoch/Iter:050/0000 Train Loss:0.863047 
Epoch/Iter:050/0000 Test Loss:1.001010 acc:0.521959 data:val 
step: 051/600 8% [Remain: 0h/ 8m/24s | 0.92s/step]

Epoch/Iter:051/0000 Train Loss:0.799821 
Epoch/Iter:051/0000 Test Loss:0.996105 acc:0.522804 data:val 
step: 052/600 9% [Remain: 0h/ 8m/23s | 0.92s/step]

Epoch/Iter:052/0000 Train Loss:1.118923 
Epoch/Iter:052/0000 Test Loss:0.926673 acc:0.538007 data:val 
step: 053/600 9% [Remain: 0h/ 8m/22s | 0.92s/step]

Epoch/Iter:053/0000 Train Loss:0.899379 
Epoch/Iter:053/0000 Test Loss:0.959673 acc:0.531250 data:val 
step: 054/600 9% [Remain: 0h/ 8m/22s | 0.92s/step]

Epoch/Iter:054/0000 Train Loss:0.934397 
Epoch/Iter:054/0000 Test Loss:0.910934 acc:0.554476 data:val 
step: 055/600 9% [Remain: 0h/ 8m/21s | 0.92s/step]

Epoch/Iter:055/0000 Train Loss:0.765671 
Epoch/Iter:055/0000 Test Loss:0.967650 acc:0.518581 data:val 
step: 056/600 9% [Remain: 0h/ 8m/20s | 0.92s/step]

Epoch/Iter:056/0000 Train Loss:0.847302 
Epoch/Iter:056/0000 Test Loss:0.928000 acc:0.545186 data:val 
step: 057/600 10% [Remain: 0h/ 8m/19s | 0.92s/step]

Epoch/Iter:057/0000 Train Loss:0.723089 
Epoch/Iter:057/0000 Test Loss:0.917618 acc:0.534206 data:val 
step: 058/600 10% [Remain: 0h/ 8m/18s | 0.92s/step]

Epoch/Iter:058/0000 Train Loss:0.861050 
Epoch/Iter:058/0000 Test Loss:0.958080 acc:0.494510 data:val 
step: 059/600 10% [Remain: 0h/ 8m/17s | 0.92s/step]

Epoch/Iter:059/0000 Train Loss:0.922262 
Epoch/Iter:059/0000 Test Loss:0.941370 acc:0.551520 data:val 
step: 060/600 10% [Remain: 0h/ 8m/16s | 0.92s/step]

Epoch/Iter:060/0000 Train Loss:0.804144 
Epoch/Iter:060/0000 Test Loss:0.931781 acc:0.550676 data:val 
step: 061/600 10% [Remain: 0h/ 8m/15s | 0.92s/step]

Epoch/Iter:061/0000 Train Loss:0.753559 
Epoch/Iter:061/0000 Test Loss:0.920066 acc:0.538007 data:val 
step: 062/600 10% [Remain: 0h/ 8m/14s | 0.92s/step]

Epoch/Iter:062/0000 Train Loss:0.725733 
Epoch/Iter:062/0000 Test Loss:0.989679 acc:0.500000 data:val 
step: 063/600 10% [Remain: 0h/ 8m/13s | 0.92s/step]

Epoch/Iter:063/0000 Train Loss:0.753585 
Epoch/Iter:063/0000 Test Loss:0.962216 acc:0.514780 data:val 
step: 064/600 11% [Remain: 0h/ 8m/11s | 0.92s/step]

Epoch/Iter:064/0000 Train Loss:0.806257 
Epoch/Iter:064/0000 Test Loss:0.909834 acc:0.551098 data:val 
step: 065/600 11% [Remain: 0h/ 8m/ 9s | 0.92s/step]

Epoch/Iter:065/0000 Train Loss:0.698864 
Epoch/Iter:065/0000 Test Loss:0.960113 acc:0.542652 data:val 
step: 066/600 11% [Remain: 0h/ 8m/ 8s | 0.92s/step]

Epoch/Iter:066/0000 Train Loss:0.749878 
Epoch/Iter:066/0000 Test Loss:0.994056 acc:0.540541 data:val 
step: 067/600 11% [Remain: 0h/ 8m/ 7s | 0.92s/step]

Epoch/Iter:067/0000 Train Loss:0.753426 
Epoch/Iter:067/0000 Test Loss:1.010093 acc:0.561233 data:val 
step: 068/600 11% [Remain: 0h/ 8m/ 7s | 0.92s/step]

Epoch/Iter:068/0000 Train Loss:0.831827 
Epoch/Iter:068/0000 Test Loss:0.959885 acc:0.553632 data:val 
step: 069/600 12% [Remain: 0h/ 8m/ 6s | 0.92s/step]

Epoch/Iter:069/0000 Train Loss:0.726346 
Epoch/Iter:069/0000 Test Loss:0.918442 acc:0.542652 data:val 
step: 070/600 12% [Remain: 0h/ 8m/ 4s | 0.92s/step]

Epoch/Iter:070/0000 Train Loss:0.618937 
Epoch/Iter:070/0000 Test Loss:1.095241 acc:0.519003 data:val 
step: 071/600 12% [Remain: 0h/ 8m/ 3s | 0.91s/step]

Epoch/Iter:071/0000 Train Loss:0.985428 
Epoch/Iter:071/0000 Test Loss:1.056060 acc:0.536740 data:val 
step: 072/600 12% [Remain: 0h/ 8m/ 2s | 0.91s/step]

Epoch/Iter:072/0000 Train Loss:0.623948 
Epoch/Iter:072/0000 Test Loss:0.968510 acc:0.521115 data:val 
step: 073/600 12% [Remain: 0h/ 8m/ 2s | 0.91s/step]

Epoch/Iter:073/0000 Train Loss:0.882495 
Epoch/Iter:073/0000 Test Loss:1.061437 acc:0.491132 data:val 
step: 074/600 12% [Remain: 0h/ 8m/ 1s | 0.91s/step]

Epoch/Iter:074/0000 Train Loss:0.889726 
Epoch/Iter:074/0000 Test Loss:0.979593 acc:0.521115 data:val 
step: 075/600 12% [Remain: 0h/ 8m/ 0s | 0.92s/step]

Epoch/Iter:075/0000 Train Loss:0.738822 
Epoch/Iter:075/0000 Test Loss:1.048179 acc:0.571368 data:val 
step: 076/600 13% [Remain: 0h/ 7m/59s | 0.91s/step]

Epoch/Iter:076/0000 Train Loss:0.574445 
Epoch/Iter:076/0000 Test Loss:1.024537 acc:0.557432 data:val 
step: 077/600 13% [Remain: 0h/ 7m/59s | 0.92s/step]

Epoch/Iter:077/0000 Train Loss:0.886399 
Epoch/Iter:077/0000 Test Loss:0.999647 acc:0.564611 data:val 
step: 078/600 13% [Remain: 0h/ 7m/58s | 0.92s/step]

Epoch/Iter:078/0000 Train Loss:0.535272 
Epoch/Iter:078/0000 Test Loss:1.136438 acc:0.556166 data:val 
step: 079/600 13% [Remain: 0h/ 7m/57s | 0.92s/step]

Epoch/Iter:079/0000 Train Loss:0.728724 
Epoch/Iter:079/0000 Test Loss:1.180038 acc:0.523649 data:val 
step: 080/600 13% [Remain: 0h/ 7m/56s | 0.92s/step]

Epoch/Iter:080/0000 Train Loss:0.639363 
Epoch/Iter:080/0000 Test Loss:1.014241 acc:0.558277 data:val 
step: 081/600 14% [Remain: 0h/ 7m/55s | 0.92s/step]

Epoch/Iter:081/0000 Train Loss:0.588691 
Epoch/Iter:081/0000 Test Loss:1.143905 acc:0.563345 data:val 
step: 082/600 14% [Remain: 0h/ 7m/54s | 0.92s/step]

Epoch/Iter:082/0000 Train Loss:0.522483 
Epoch/Iter:082/0000 Test Loss:1.238181 acc:0.583615 data:val 
step: 083/600 14% [Remain: 0h/ 7m/53s | 0.92s/step]

Epoch/Iter:083/0000 Train Loss:0.628787 
Epoch/Iter:083/0000 Test Loss:1.377309 acc:0.473818 data:val 
step: 084/600 14% [Remain: 0h/ 7m/52s | 0.92s/step]

Epoch/Iter:084/0000 Train Loss:0.888573 
Epoch/Iter:084/0000 Test Loss:1.272718 acc:0.575169 data:val 
step: 085/600 14% [Remain: 0h/ 7m/51s | 0.92s/step]

Epoch/Iter:085/0000 Train Loss:0.513150 
Epoch/Iter:085/0000 Test Loss:1.460238 acc:0.590794 data:val 
step: 086/600 14% [Remain: 0h/ 7m/50s | 0.92s/step]

Epoch/Iter:086/0000 Train Loss:0.442809 
Epoch/Iter:086/0000 Test Loss:1.351590 acc:0.589527 data:val 
step: 087/600 14% [Remain: 0h/ 7m/49s | 0.92s/step]

Epoch/Iter:087/0000 Train Loss:0.442890 
Epoch/Iter:087/0000 Test Loss:1.367206 acc:0.570101 data:val 
step: 088/600 15% [Remain: 0h/ 7m/48s | 0.92s/step]

Epoch/Iter:088/0000 Train Loss:0.515454 
Epoch/Iter:088/0000 Test Loss:1.709802 acc:0.581926 data:val 
step: 089/600 15% [Remain: 0h/ 7m/47s | 0.92s/step]

Epoch/Iter:089/0000 Train Loss:0.579897 
Epoch/Iter:089/0000 Test Loss:1.547741 acc:0.584459 data:val 
step: 090/600 15% [Remain: 0h/ 7m/46s | 0.91s/step]

Epoch/Iter:090/0000 Train Loss:0.444233 
Epoch/Iter:090/0000 Test Loss:1.536612 acc:0.598818 data:val 
step: 091/600 15% [Remain: 0h/ 7m/45s | 0.91s/step]

Epoch/Iter:091/0000 Train Loss:0.363762 
Epoch/Iter:091/0000 Test Loss:1.538486 acc:0.601351 data:val 
step: 092/600 15% [Remain: 0h/ 7m/44s | 0.91s/step]

Epoch/Iter:092/0000 Train Loss:0.369712 
Epoch/Iter:092/0000 Test Loss:1.808228 acc:0.556166 data:val 
step: 093/600 16% [Remain: 0h/ 7m/43s | 0.91s/step]

Epoch/Iter:093/0000 Train Loss:0.587147 
Epoch/Iter:093/0000 Test Loss:1.961916 acc:0.594172 data:val 
step: 094/600 16% [Remain: 0h/ 7m/42s | 0.91s/step]

Epoch/Iter:094/0000 Train Loss:0.569529 
Epoch/Iter:094/0000 Test Loss:1.735269 acc:0.600929 data:val 
step: 095/600 16% [Remain: 0h/ 7m/41s | 0.91s/step]

Epoch/Iter:095/0000 Train Loss:0.360010 
Epoch/Iter:095/0000 Test Loss:1.813951 acc:0.593328 data:val 
step: 096/600 16% [Remain: 0h/ 7m/40s | 0.91s/step]

Epoch/Iter:096/0000 Train Loss:0.386557 
Epoch/Iter:096/0000 Test Loss:1.838231 acc:0.612753 data:val 
step: 097/600 16% [Remain: 0h/ 7m/39s | 0.91s/step]

Epoch/Iter:097/0000 Train Loss:0.395795 
Epoch/Iter:097/0000 Test Loss:1.891134 acc:0.595861 data:val 
step: 098/600 16% [Remain: 0h/ 7m/38s | 0.91s/step]

Epoch/Iter:098/0000 Train Loss:0.340736 
Epoch/Iter:098/0000 Test Loss:1.984350 acc:0.614020 data:val 
step: 099/600 16% [Remain: 0h/ 7m/37s | 0.91s/step]

Epoch/Iter:099/0000 Train Loss:0.321602 
Epoch/Iter:099/0000 Test Loss:2.358633 acc:0.516470 data:val 
step: 100/600 17% [Remain: 0h/ 7m/37s | 0.91s/step]

Epoch/Iter:100/0000 Train Loss:1.092513 
Epoch/Iter:100/0000 Test Loss:1.599728 acc:0.603041 data:val 
step: 101/600 17% [Remain: 0h/ 7m/35s | 0.91s/step]

Epoch/Iter:101/0000 Train Loss:0.458128 
Epoch/Iter:101/0000 Test Loss:1.922643 acc:0.612331 data:val 
step: 102/600 17% [Remain: 0h/ 7m/35s | 0.91s/step]

Epoch/Iter:102/0000 Train Loss:0.317383 
Epoch/Iter:102/0000 Test Loss:2.019105 acc:0.581081 data:val 
step: 103/600 17% [Remain: 0h/ 7m/34s | 0.91s/step]

Epoch/Iter:103/0000 Train Loss:0.479160 
Epoch/Iter:103/0000 Test Loss:2.214220 acc:0.608953 data:val 
step: 104/600 17% [Remain: 0h/ 7m/33s | 0.91s/step]

Epoch/Iter:104/0000 Train Loss:0.407154 
Epoch/Iter:104/0000 Test Loss:2.352497 acc:0.626267 data:val 
step: 105/600 18% [Remain: 0h/ 7m/32s | 0.91s/step]

Epoch/Iter:105/0000 Train Loss:0.421188 
Epoch/Iter:105/0000 Test Loss:2.525466 acc:0.591216 data:val 
step: 106/600 18% [Remain: 0h/ 7m/31s | 0.91s/step]

Epoch/Iter:106/0000 Train Loss:0.362478 
Epoch/Iter:106/0000 Test Loss:2.192691 acc:0.622889 data:val 
step: 107/600 18% [Remain: 0h/ 7m/30s | 0.91s/step]

Epoch/Iter:107/0000 Train Loss:0.349952 
Epoch/Iter:107/0000 Test Loss:2.125574 acc:0.597128 data:val 
step: 108/600 18% [Remain: 0h/ 7m/29s | 0.91s/step]

Epoch/Iter:108/0000 Train Loss:0.346744 
Epoch/Iter:108/0000 Test Loss:2.232560 acc:0.608530 data:val 
step: 109/600 18% [Remain: 0h/ 7m/28s | 0.91s/step]

Epoch/Iter:109/0000 Train Loss:0.331603 
Epoch/Iter:109/0000 Test Loss:2.350256 acc:0.627956 data:val 
step: 110/600 18% [Remain: 0h/ 7m/28s | 0.91s/step]

Epoch/Iter:110/0000 Train Loss:0.281595 
Epoch/Iter:110/0000 Test Loss:2.494354 acc:0.615287 data:val 
step: 111/600 18% [Remain: 0h/ 7m/27s | 0.92s/step]

Epoch/Iter:111/0000 Train Loss:0.273287 
Epoch/Iter:111/0000 Test Loss:2.342626 acc:0.617821 data:val 
step: 112/600 19% [Remain: 0h/ 7m/26s | 0.91s/step]

Epoch/Iter:112/0000 Train Loss:0.362849 
Epoch/Iter:112/0000 Test Loss:2.817781 acc:0.599240 data:val 
step: 113/600 19% [Remain: 0h/ 7m/25s | 0.92s/step]

Epoch/Iter:113/0000 Train Loss:0.457950 
Epoch/Iter:113/0000 Test Loss:2.108382 acc:0.613176 data:val 
step: 114/600 19% [Remain: 0h/ 7m/24s | 0.92s/step]

Epoch/Iter:114/0000 Train Loss:0.342423 
Epoch/Iter:114/0000 Test Loss:2.215482 acc:0.627534 data:val 
step: 115/600 19% [Remain: 0h/ 7m/23s | 0.91s/step]

Epoch/Iter:115/0000 Train Loss:0.382796 
Epoch/Iter:115/0000 Test Loss:2.511262 acc:0.630912 data:val 
step: 116/600 19% [Remain: 0h/ 7m/22s | 0.91s/step]

Epoch/Iter:116/0000 Train Loss:0.353667 
Epoch/Iter:116/0000 Test Loss:2.502229 acc:0.586149 data:val 
step: 117/600 20% [Remain: 0h/ 7m/21s | 0.91s/step]

Epoch/Iter:117/0000 Train Loss:0.547363 
Epoch/Iter:117/0000 Test Loss:2.663645 acc:0.620355 data:val 
step: 118/600 20% [Remain: 0h/ 7m/20s | 0.91s/step]

Epoch/Iter:118/0000 Train Loss:0.305359 
Epoch/Iter:118/0000 Test Loss:2.230585 acc:0.575169 data:val 
step: 119/600 20% [Remain: 0h/ 7m/19s | 0.91s/step]

Epoch/Iter:119/0000 Train Loss:0.547714 
Epoch/Iter:119/0000 Test Loss:2.389352 acc:0.616976 data:val 
step: 120/600 20% [Remain: 0h/ 7m/18s | 0.91s/step]

Epoch/Iter:120/0000 Train Loss:0.369556 
Epoch/Iter:120/0000 Test Loss:2.493758 acc:0.619510 data:val 
step: 121/600 20% [Remain: 0h/ 7m/17s | 0.91s/step]

Epoch/Iter:121/0000 Train Loss:0.385285 
Epoch/Iter:121/0000 Test Loss:2.566070 acc:0.634291 data:val 
step: 122/600 20% [Remain: 0h/ 7m/16s | 0.91s/step]

Epoch/Iter:122/0000 Train Loss:0.342548 
Epoch/Iter:122/0000 Test Loss:2.913468 acc:0.616132 data:val 
step: 123/600 20% [Remain: 0h/ 7m/15s | 0.91s/step]

Epoch/Iter:123/0000 Train Loss:0.443347 
Epoch/Iter:123/0000 Test Loss:3.729497 acc:0.565034 data:val 
step: 124/600 21% [Remain: 0h/ 7m/14s | 0.91s/step]

Epoch/Iter:124/0000 Train Loss:0.803832 
Epoch/Iter:124/0000 Test Loss:2.460850 acc:0.584459 data:val 
step: 125/600 21% [Remain: 0h/ 7m/13s | 0.91s/step]

Epoch/Iter:125/0000 Train Loss:0.451439 
Epoch/Iter:125/0000 Test Loss:2.536919 acc:0.585304 data:val 
step: 126/600 21% [Remain: 0h/ 7m/12s | 0.91s/step]

Epoch/Iter:126/0000 Train Loss:0.262806 
Epoch/Iter:126/0000 Test Loss:2.787890 acc:0.659628 data:val 
step: 127/600 21% [Remain: 0h/ 7m/11s | 0.91s/step]

Epoch/Iter:127/0000 Train Loss:0.348487 
Epoch/Iter:127/0000 Test Loss:2.507827 acc:0.646959 data:val 
step: 128/600 21% [Remain: 0h/ 7m/10s | 0.91s/step]

Epoch/Iter:128/0000 Train Loss:0.357651 
Epoch/Iter:128/0000 Test Loss:2.693956 acc:0.643581 data:val 
step: 129/600 22% [Remain: 0h/ 7m/ 9s | 0.91s/step]

Epoch/Iter:129/0000 Train Loss:0.338393 
Epoch/Iter:129/0000 Test Loss:2.593640 acc:0.630912 data:val 
step: 130/600 22% [Remain: 0h/ 7m/ 8s | 0.91s/step]

Epoch/Iter:130/0000 Train Loss:0.324983 
Epoch/Iter:130/0000 Test Loss:2.868132 acc:0.610642 data:val 
step: 131/600 22% [Remain: 0h/ 7m/ 7s | 0.91s/step]

Epoch/Iter:131/0000 Train Loss:0.299499 
Epoch/Iter:131/0000 Test Loss:2.444588 acc:0.633868 data:val 
step: 132/600 22% [Remain: 0h/ 7m/ 6s | 0.91s/step]

Epoch/Iter:132/0000 Train Loss:0.333486 
Epoch/Iter:132/0000 Test Loss:2.775052 acc:0.645693 data:val 
step: 133/600 22% [Remain: 0h/ 7m/ 5s | 0.91s/step]

Epoch/Iter:133/0000 Train Loss:0.319018 
Epoch/Iter:133/0000 Test Loss:2.693833 acc:0.652872 data:val 
step: 134/600 22% [Remain: 0h/ 7m/ 4s | 0.91s/step]

Epoch/Iter:134/0000 Train Loss:0.279821 
Epoch/Iter:134/0000 Test Loss:2.665844 acc:0.631334 data:val 
step: 135/600 22% [Remain: 0h/ 7m/ 4s | 0.91s/step]

Epoch/Iter:135/0000 Train Loss:0.335764 
Epoch/Iter:135/0000 Test Loss:2.469520 acc:0.649071 data:val 
step: 136/600 23% [Remain: 0h/ 7m/ 3s | 0.91s/step]

Epoch/Iter:136/0000 Train Loss:0.339790 
Epoch/Iter:136/0000 Test Loss:2.551910 acc:0.623733 data:val 
step: 137/600 23% [Remain: 0h/ 7m/ 1s | 0.91s/step]

Epoch/Iter:137/0000 Train Loss:0.376900 
Epoch/Iter:137/0000 Test Loss:2.520797 acc:0.625000 data:val 
step: 138/600 23% [Remain: 0h/ 7m/ 1s | 0.91s/step]

Epoch/Iter:138/0000 Train Loss:0.324966 
Epoch/Iter:138/0000 Test Loss:3.054283 acc:0.635980 data:val 
step: 139/600 23% [Remain: 0h/ 7m/ 0s | 0.91s/step]

Epoch/Iter:139/0000 Train Loss:0.445411 
Epoch/Iter:139/0000 Test Loss:2.704157 acc:0.665963 data:val 
step: 140/600 23% [Remain: 0h/ 6m/59s | 0.91s/step]

Epoch/Iter:140/0000 Train Loss:0.247913 
Epoch/Iter:140/0000 Test Loss:2.791479 acc:0.660473 data:val 
step: 141/600 24% [Remain: 0h/ 6m/58s | 0.91s/step]

Epoch/Iter:141/0000 Train Loss:0.269046 
Epoch/Iter:141/0000 Test Loss:2.676946 acc:0.665541 data:val 
step: 142/600 24% [Remain: 0h/ 6m/57s | 0.91s/step]

Epoch/Iter:142/0000 Train Loss:0.249163 
Epoch/Iter:142/0000 Test Loss:3.002120 acc:0.635980 data:val 
step: 143/600 24% [Remain: 0h/ 6m/56s | 0.91s/step]

Epoch/Iter:143/0000 Train Loss:0.305949 
Epoch/Iter:143/0000 Test Loss:2.463982 acc:0.593328 data:val 
step: 144/600 24% [Remain: 0h/ 6m/55s | 0.91s/step]

Epoch/Iter:144/0000 Train Loss:0.693560 
Epoch/Iter:144/0000 Test Loss:2.559910 acc:0.662584 data:val 
step: 145/600 24% [Remain: 0h/ 6m/54s | 0.91s/step]

Epoch/Iter:145/0000 Train Loss:0.268156 
Epoch/Iter:145/0000 Test Loss:2.716472 acc:0.663851 data:val 
step: 146/600 24% [Remain: 0h/ 6m/53s | 0.91s/step]

Epoch/Iter:146/0000 Train Loss:0.185125 
Epoch/Iter:146/0000 Test Loss:2.543111 acc:0.479307 data:val 
step: 147/600 24% [Remain: 0h/ 6m/53s | 0.91s/step]

Epoch/Iter:147/0000 Train Loss:0.997703 
Epoch/Iter:147/0000 Test Loss:2.446810 acc:0.673986 data:val 
step: 148/600 25% [Remain: 0h/ 6m/52s | 0.91s/step]

Epoch/Iter:148/0000 Train Loss:0.240319 
Epoch/Iter:148/0000 Test Loss:2.758774 acc:0.660473 data:val 
step: 149/600 25% [Remain: 0h/ 6m/51s | 0.91s/step]

Epoch/Iter:149/0000 Train Loss:0.264188 
Epoch/Iter:149/0000 Test Loss:2.398110 acc:0.676520 data:val 
step: 150/600 25% [Remain: 0h/ 6m/50s | 0.91s/step]

Epoch/Iter:150/0000 Train Loss:0.254110 
Epoch/Iter:150/0000 Test Loss:3.605444 acc:0.490287 data:val 
step: 151/600 25% [Remain: 0h/ 6m/49s | 0.91s/step]

Epoch/Iter:151/0000 Train Loss:0.840153 
Epoch/Iter:151/0000 Test Loss:2.702225 acc:0.671030 data:val 
step: 152/600 25% [Remain: 0h/ 6m/48s | 0.91s/step]

Epoch/Iter:152/0000 Train Loss:0.226135 
Epoch/Iter:152/0000 Test Loss:2.735290 acc:0.688345 data:val 
step: 153/600 26% [Remain: 0h/ 6m/47s | 0.91s/step]

Epoch/Iter:153/0000 Train Loss:0.424342 
Epoch/Iter:153/0000 Test Loss:2.793028 acc:0.688345 data:val 
step: 154/600 26% [Remain: 0h/ 6m/46s | 0.91s/step]

Epoch/Iter:154/0000 Train Loss:0.240449 
Epoch/Iter:154/0000 Test Loss:2.992547 acc:0.687500 data:val 
step: 155/600 26% [Remain: 0h/ 6m/45s | 0.91s/step]

Epoch/Iter:155/0000 Train Loss:0.273344 
Epoch/Iter:155/0000 Test Loss:2.871223 acc:0.686655 data:val 
step: 156/600 26% [Remain: 0h/ 6m/44s | 0.91s/step]

Epoch/Iter:156/0000 Train Loss:0.299513 
Epoch/Iter:156/0000 Test Loss:3.270081 acc:0.444257 data:val 
step: 157/600 26% [Remain: 0h/ 6m/43s | 0.91s/step]

Epoch/Iter:157/0000 Train Loss:0.945043 
Epoch/Iter:157/0000 Test Loss:2.740298 acc:0.677787 data:val 
step: 158/600 26% [Remain: 0h/ 6m/42s | 0.91s/step]

Epoch/Iter:158/0000 Train Loss:0.260501 
Epoch/Iter:158/0000 Test Loss:2.779636 acc:0.673986 data:val 
step: 159/600 26% [Remain: 0h/ 6m/41s | 0.91s/step]

Epoch/Iter:159/0000 Train Loss:0.196690 
Epoch/Iter:159/0000 Test Loss:2.669546 acc:0.643581 data:val 
step: 160/600 27% [Remain: 0h/ 6m/41s | 0.91s/step]

Epoch/Iter:160/0000 Train Loss:0.439971 
Epoch/Iter:160/0000 Test Loss:2.747539 acc:0.689189 data:val 
step: 161/600 27% [Remain: 0h/ 6m/40s | 0.91s/step]

Epoch/Iter:161/0000 Train Loss:0.263616 
Epoch/Iter:161/0000 Test Loss:3.053272 acc:0.654139 data:val 
step: 162/600 27% [Remain: 0h/ 6m/39s | 0.91s/step]

Epoch/Iter:162/0000 Train Loss:0.248204 
Epoch/Iter:162/0000 Test Loss:2.885665 acc:0.675253 data:val 
step: 163/600 27% [Remain: 0h/ 6m/38s | 0.91s/step]

Epoch/Iter:163/0000 Train Loss:0.254761 
Epoch/Iter:163/0000 Test Loss:3.263109 acc:0.651182 data:val 
step: 164/600 27% [Remain: 0h/ 6m/37s | 0.91s/step]

Epoch/Iter:164/0000 Train Loss:0.310995 
Epoch/Iter:164/0000 Test Loss:3.215756 acc:0.679476 data:val 
step: 165/600 28% [Remain: 0h/ 6m/36s | 0.91s/step]

Epoch/Iter:165/0000 Train Loss:0.299583 
Epoch/Iter:165/0000 Test Loss:3.206164 acc:0.682432 data:val 
step: 166/600 28% [Remain: 0h/ 6m/35s | 0.91s/step]

Epoch/Iter:166/0000 Train Loss:0.243297 
Epoch/Iter:166/0000 Test Loss:3.182691 acc:0.675676 data:val 
step: 167/600 28% [Remain: 0h/ 6m/35s | 0.91s/step]

Epoch/Iter:167/0000 Train Loss:0.301597 
Epoch/Iter:167/0000 Test Loss:3.066728 acc:0.673986 data:val 
step: 168/600 28% [Remain: 0h/ 6m/34s | 0.91s/step]

Epoch/Iter:168/0000 Train Loss:0.251986 
Epoch/Iter:168/0000 Test Loss:2.852398 acc:0.685811 data:val 
step: 169/600 28% [Remain: 0h/ 6m/33s | 0.91s/step]

Epoch/Iter:169/0000 Train Loss:0.232544 
Epoch/Iter:169/0000 Test Loss:2.925373 acc:0.699747 data:val 
step: 170/600 28% [Remain: 0h/ 6m/32s | 0.91s/step]

Epoch/Iter:170/0000 Train Loss:0.089398 
Epoch/Iter:170/0000 Test Loss:3.244851 acc:0.658361 data:val 
step: 171/600 28% [Remain: 0h/ 6m/31s | 0.91s/step]

Epoch/Iter:171/0000 Train Loss:0.319659 
Epoch/Iter:171/0000 Test Loss:3.072155 acc:0.641047 data:val 
step: 172/600 29% [Remain: 0h/ 6m/30s | 0.91s/step]

Epoch/Iter:172/0000 Train Loss:0.281350 
Epoch/Iter:172/0000 Test Loss:2.818122 acc:0.661740 data:val 
step: 173/600 29% [Remain: 0h/ 6m/29s | 0.91s/step]

Epoch/Iter:173/0000 Train Loss:0.282153 
Epoch/Iter:173/0000 Test Loss:2.975538 acc:0.686233 data:val 
step: 174/600 29% [Remain: 0h/ 6m/28s | 0.91s/step]

Epoch/Iter:174/0000 Train Loss:0.190318 
Epoch/Iter:174/0000 Test Loss:2.558575 acc:0.681588 data:val 
step: 175/600 29% [Remain: 0h/ 6m/27s | 0.91s/step]

Epoch/Iter:175/0000 Train Loss:0.370549 
Epoch/Iter:175/0000 Test Loss:2.740415 acc:0.724662 data:val 
step: 176/600 29% [Remain: 0h/ 6m/26s | 0.91s/step]

Epoch/Iter:176/0000 Train Loss:0.213356 
Epoch/Iter:176/0000 Test Loss:2.704962 acc:0.690034 data:val 
step: 177/600 30% [Remain: 0h/ 6m/25s | 0.91s/step]

Epoch/Iter:177/0000 Train Loss:0.290419 
Epoch/Iter:177/0000 Test Loss:2.890135 acc:0.705659 data:val 
step: 178/600 30% [Remain: 0h/ 6m/24s | 0.91s/step]

Epoch/Iter:178/0000 Train Loss:0.193132 
Epoch/Iter:178/0000 Test Loss:3.283436 acc:0.667230 data:val 
step: 179/600 30% [Remain: 0h/ 6m/23s | 0.91s/step]

Epoch/Iter:179/0000 Train Loss:0.214254 
Epoch/Iter:179/0000 Test Loss:2.956479 acc:0.688345 data:val 
step: 180/600 30% [Remain: 0h/ 6m/22s | 0.91s/step]

Epoch/Iter:180/0000 Train Loss:0.245323 
Epoch/Iter:180/0000 Test Loss:2.725731 acc:0.683277 data:val 
step: 181/600 30% [Remain: 0h/ 6m/21s | 0.91s/step]

Epoch/Iter:181/0000 Train Loss:0.408883 
Epoch/Iter:181/0000 Test Loss:2.694873 acc:0.654139 data:val 
step: 182/600 30% [Remain: 0h/ 6m/20s | 0.91s/step]

Epoch/Iter:182/0000 Train Loss:0.279145 
Epoch/Iter:182/0000 Test Loss:2.937899 acc:0.686655 data:val 
step: 183/600 30% [Remain: 0h/ 6m/19s | 0.91s/step]

Epoch/Iter:183/0000 Train Loss:0.220037 
Epoch/Iter:183/0000 Test Loss:3.126296 acc:0.714949 data:val 
step: 184/600 31% [Remain: 0h/ 6m/18s | 0.91s/step]

Epoch/Iter:184/0000 Train Loss:0.217185 
Epoch/Iter:184/0000 Test Loss:3.174235 acc:0.728885 data:val 
step: 185/600 31% [Remain: 0h/ 6m/18s | 0.91s/step]

Epoch/Iter:185/0000 Train Loss:0.217612 
Epoch/Iter:185/0000 Test Loss:2.667552 acc:0.688767 data:val 
step: 186/600 31% [Remain: 0h/ 6m/17s | 0.91s/step]

Epoch/Iter:186/0000 Train Loss:0.244312 
Epoch/Iter:186/0000 Test Loss:2.719161 acc:0.722973 data:val 
step: 187/600 31% [Remain: 0h/ 6m/16s | 0.91s/step]

Epoch/Iter:187/0000 Train Loss:0.227182 
Epoch/Iter:187/0000 Test Loss:2.779920 acc:0.698902 data:val 
step: 188/600 31% [Remain: 0h/ 6m/15s | 0.91s/step]

Epoch/Iter:188/0000 Train Loss:0.081240 
Epoch/Iter:188/0000 Test Loss:3.016363 acc:0.695524 data:val 
step: 189/600 32% [Remain: 0h/ 6m/14s | 0.91s/step]

Epoch/Iter:189/0000 Train Loss:0.208729 
Epoch/Iter:189/0000 Test Loss:2.576858 acc:0.696368 data:val 
step: 190/600 32% [Remain: 0h/ 6m/13s | 0.91s/step]

Epoch/Iter:190/0000 Train Loss:0.292890 
Epoch/Iter:190/0000 Test Loss:2.646947 acc:0.708193 data:val 
step: 191/600 32% [Remain: 0h/ 6m/12s | 0.91s/step]

Epoch/Iter:191/0000 Train Loss:0.282143 
Epoch/Iter:191/0000 Test Loss:2.794291 acc:0.717483 data:val 
step: 192/600 32% [Remain: 0h/ 6m/11s | 0.91s/step]

Epoch/Iter:192/0000 Train Loss:0.275499 
Epoch/Iter:192/0000 Test Loss:2.651943 acc:0.729307 data:val 
step: 193/600 32% [Remain: 0h/ 6m/10s | 0.91s/step]

Epoch/Iter:193/0000 Train Loss:0.131955 
Epoch/Iter:193/0000 Test Loss:2.731101 acc:0.716639 data:val 
step: 194/600 32% [Remain: 0h/ 6m/ 9s | 0.91s/step]

Epoch/Iter:194/0000 Train Loss:0.180040 
Epoch/Iter:194/0000 Test Loss:3.092481 acc:0.714949 data:val 
step: 195/600 32% [Remain: 0h/ 6m/ 8s | 0.91s/step]

Epoch/Iter:195/0000 Train Loss:0.179373 
Epoch/Iter:195/0000 Test Loss:2.842575 acc:0.710304 data:val 
step: 196/600 33% [Remain: 0h/ 6m/ 7s | 0.91s/step]

Epoch/Iter:196/0000 Train Loss:0.193783 
Epoch/Iter:196/0000 Test Loss:2.658090 acc:0.712838 data:val 
step: 197/600 33% [Remain: 0h/ 6m/ 6s | 0.91s/step]

Epoch/Iter:197/0000 Train Loss:0.229417 
Epoch/Iter:197/0000 Test Loss:2.863303 acc:0.722128 data:val 
step: 198/600 33% [Remain: 0h/ 6m/ 5s | 0.91s/step]

Epoch/Iter:198/0000 Train Loss:0.121513 
Epoch/Iter:198/0000 Test Loss:2.821277 acc:0.637247 data:val 
step: 199/600 33% [Remain: 0h/ 6m/ 4s | 0.91s/step]

Epoch/Iter:199/0000 Train Loss:0.728936 
Epoch/Iter:199/0000 Test Loss:2.761772 acc:0.703970 data:val 
step: 200/600 33% [Remain: 0h/ 6m/ 3s | 0.91s/step]

Epoch/Iter:200/0000 Train Loss:0.168245 
Epoch/Iter:200/0000 Test Loss:2.848017 acc:0.706503 data:val 
step: 201/600 34% [Remain: 0h/ 6m/ 2s | 0.91s/step]

Epoch/Iter:201/0000 Train Loss:0.134441 
Epoch/Iter:201/0000 Test Loss:2.602263 acc:0.698057 data:val 
step: 202/600 34% [Remain: 0h/ 6m/ 1s | 0.91s/step]

Epoch/Iter:202/0000 Train Loss:0.268242 
Epoch/Iter:202/0000 Test Loss:2.830305 acc:0.732686 data:val 
step: 203/600 34% [Remain: 0h/ 6m/ 1s | 0.91s/step]

Epoch/Iter:203/0000 Train Loss:0.169988 
Epoch/Iter:203/0000 Test Loss:2.777892 acc:0.741976 data:val 
step: 204/600 34% [Remain: 0h/ 6m/ 0s | 0.91s/step]

Epoch/Iter:204/0000 Train Loss:0.239605 
Epoch/Iter:204/0000 Test Loss:2.654249 acc:0.689189 data:val 
step: 205/600 34% [Remain: 0h/ 5m/59s | 0.91s/step]

Epoch/Iter:205/0000 Train Loss:0.342699 
Epoch/Iter:205/0000 Test Loss:2.632226 acc:0.747466 data:val 
step: 206/600 34% [Remain: 0h/ 5m/58s | 0.91s/step]

Epoch/Iter:206/0000 Train Loss:0.190029 
Epoch/Iter:206/0000 Test Loss:2.951128 acc:0.717905 data:val 
step: 207/600 34% [Remain: 0h/ 5m/57s | 0.91s/step]

Epoch/Iter:207/0000 Train Loss:0.185050 
Epoch/Iter:207/0000 Test Loss:2.902504 acc:0.707348 data:val 
step: 208/600 35% [Remain: 0h/ 5m/56s | 0.91s/step]

Epoch/Iter:208/0000 Train Loss:0.166425 
Epoch/Iter:208/0000 Test Loss:2.872304 acc:0.731419 data:val 
step: 209/600 35% [Remain: 0h/ 5m/55s | 0.91s/step]

Epoch/Iter:209/0000 Train Loss:0.225895 
Epoch/Iter:209/0000 Test Loss:2.922742 acc:0.710304 data:val 
step: 210/600 35% [Remain: 0h/ 5m/54s | 0.91s/step]

Epoch/Iter:210/0000 Train Loss:0.188301 
Epoch/Iter:210/0000 Test Loss:2.903536 acc:0.741554 data:val 
step: 211/600 35% [Remain: 0h/ 5m/53s | 0.91s/step]

Epoch/Iter:211/0000 Train Loss:0.173997 
Epoch/Iter:211/0000 Test Loss:3.076924 acc:0.719172 data:val 
step: 212/600 35% [Remain: 0h/ 5m/52s | 0.91s/step]

Epoch/Iter:212/0000 Train Loss:0.157045 
Epoch/Iter:212/0000 Test Loss:2.690457 acc:0.714105 data:val 
step: 213/600 36% [Remain: 0h/ 5m/52s | 0.91s/step]

Epoch/Iter:213/0000 Train Loss:0.272909 
Epoch/Iter:213/0000 Test Loss:2.632791 acc:0.737753 data:val 
step: 214/600 36% [Remain: 0h/ 5m/51s | 0.91s/step]

Epoch/Iter:214/0000 Train Loss:0.185905 
Epoch/Iter:214/0000 Test Loss:3.135122 acc:0.675253 data:val 
step: 215/600 36% [Remain: 0h/ 5m/50s | 0.91s/step]

Epoch/Iter:215/0000 Train Loss:0.309497 
Epoch/Iter:215/0000 Test Loss:2.379411 acc:0.733108 data:val 
step: 216/600 36% [Remain: 0h/ 5m/49s | 0.91s/step]

Epoch/Iter:216/0000 Train Loss:0.146765 
Epoch/Iter:216/0000 Test Loss:2.760430 acc:0.709459 data:val 
step: 217/600 36% [Remain: 0h/ 5m/48s | 0.91s/step]

Epoch/Iter:217/0000 Train Loss:0.241455 
Epoch/Iter:217/0000 Test Loss:2.547169 acc:0.739865 data:val 
step: 218/600 36% [Remain: 0h/ 5m/47s | 0.91s/step]

Epoch/Iter:218/0000 Train Loss:0.155688 
Epoch/Iter:218/0000 Test Loss:2.813961 acc:0.730574 data:val 
step: 219/600 36% [Remain: 0h/ 5m/46s | 0.91s/step]

Epoch/Iter:219/0000 Train Loss:0.202197 
Epoch/Iter:219/0000 Test Loss:2.883103 acc:0.720439 data:val 
step: 220/600 37% [Remain: 0h/ 5m/45s | 0.91s/step]

Epoch/Iter:220/0000 Train Loss:0.165967 
Epoch/Iter:220/0000 Test Loss:3.328155 acc:0.670608 data:val 
step: 221/600 37% [Remain: 0h/ 5m/45s | 0.91s/step]

Epoch/Iter:221/0000 Train Loss:0.972500 
Epoch/Iter:221/0000 Test Loss:2.520580 acc:0.732686 data:val 
step: 222/600 37% [Remain: 0h/ 5m/44s | 0.91s/step]

Epoch/Iter:222/0000 Train Loss:0.182605 
Epoch/Iter:222/0000 Test Loss:2.572242 acc:0.717905 data:val 
step: 223/600 37% [Remain: 0h/ 5m/43s | 0.91s/step]

Epoch/Iter:223/0000 Train Loss:0.132448 
Epoch/Iter:223/0000 Test Loss:2.740159 acc:0.739443 data:val 
step: 224/600 37% [Remain: 0h/ 5m/42s | 0.91s/step]

Epoch/Iter:224/0000 Train Loss:0.152496 
Epoch/Iter:224/0000 Test Loss:2.596683 acc:0.735642 data:val 
step: 225/600 38% [Remain: 0h/ 5m/41s | 0.91s/step]

Epoch/Iter:225/0000 Train Loss:0.175741 
Epoch/Iter:225/0000 Test Loss:3.000594 acc:0.693834 data:val 
step: 226/600 38% [Remain: 0h/ 5m/40s | 0.91s/step]

Epoch/Iter:226/0000 Train Loss:0.214966 
Epoch/Iter:226/0000 Test Loss:2.823726 acc:0.737331 data:val 
step: 227/600 38% [Remain: 0h/ 5m/39s | 0.91s/step]

Epoch/Iter:227/0000 Train Loss:0.106435 
Epoch/Iter:227/0000 Test Loss:3.033345 acc:0.714949 data:val 
step: 228/600 38% [Remain: 0h/ 5m/38s | 0.91s/step]

Epoch/Iter:228/0000 Train Loss:0.141119 
Epoch/Iter:228/0000 Test Loss:2.349767 acc:0.725929 data:val 
step: 229/600 38% [Remain: 0h/ 5m/37s | 0.91s/step]

Epoch/Iter:229/0000 Train Loss:0.203800 
Epoch/Iter:229/0000 Test Loss:2.539721 acc:0.745355 data:val 
step: 230/600 38% [Remain: 0h/ 5m/36s | 0.91s/step]

Epoch/Iter:230/0000 Train Loss:0.146378 
Epoch/Iter:230/0000 Test Loss:2.620906 acc:0.733108 data:val 
step: 231/600 38% [Remain: 0h/ 5m/36s | 0.91s/step]

Epoch/Iter:231/0000 Train Loss:0.148511 
Epoch/Iter:231/0000 Test Loss:3.295117 acc:0.672720 data:val 
step: 232/600 39% [Remain: 0h/ 5m/35s | 0.91s/step]

Epoch/Iter:232/0000 Train Loss:0.251002 
Epoch/Iter:232/0000 Test Loss:2.462486 acc:0.739865 data:val 
step: 233/600 39% [Remain: 0h/ 5m/34s | 0.91s/step]

Epoch/Iter:233/0000 Train Loss:0.104752 
Epoch/Iter:233/0000 Test Loss:2.533743 acc:0.744088 data:val 
step: 234/600 39% [Remain: 0h/ 5m/33s | 0.91s/step]

Epoch/Iter:234/0000 Train Loss:0.103019 
Epoch/Iter:234/0000 Test Loss:2.651985 acc:0.733530 data:val 
step: 235/600 39% [Remain: 0h/ 5m/32s | 0.91s/step]

Epoch/Iter:235/0000 Train Loss:0.219241 
Epoch/Iter:235/0000 Test Loss:2.829383 acc:0.739865 data:val 
step: 236/600 39% [Remain: 0h/ 5m/31s | 0.91s/step]

Epoch/Iter:236/0000 Train Loss:0.140968 
Epoch/Iter:236/0000 Test Loss:2.688494 acc:0.752534 data:val 
step: 237/600 40% [Remain: 0h/ 5m/30s | 0.91s/step]

Epoch/Iter:237/0000 Train Loss:0.121156 
Epoch/Iter:237/0000 Test Loss:2.880434 acc:0.740287 data:val 
step: 238/600 40% [Remain: 0h/ 5m/29s | 0.91s/step]

Epoch/Iter:238/0000 Train Loss:0.188601 
Epoch/Iter:238/0000 Test Loss:2.820796 acc:0.705236 data:val 
step: 239/600 40% [Remain: 0h/ 5m/28s | 0.91s/step]

Epoch/Iter:239/0000 Train Loss:0.146051 
Epoch/Iter:239/0000 Test Loss:2.674855 acc:0.710304 data:val 
step: 240/600 40% [Remain: 0h/ 5m/27s | 0.91s/step]

Epoch/Iter:240/0000 Train Loss:0.351767 
Epoch/Iter:240/0000 Test Loss:2.752573 acc:0.717483 data:val 
step: 241/600 40% [Remain: 0h/ 5m/26s | 0.91s/step]

Epoch/Iter:241/0000 Train Loss:0.250326 
Epoch/Iter:241/0000 Test Loss:2.715883 acc:0.680321 data:val 
step: 242/600 40% [Remain: 0h/ 5m/25s | 0.91s/step]

Epoch/Iter:242/0000 Train Loss:0.186962 
Epoch/Iter:242/0000 Test Loss:3.214027 acc:0.725929 data:val 
step: 243/600 40% [Remain: 0h/ 5m/24s | 0.91s/step]

Epoch/Iter:243/0000 Train Loss:0.131575 
Epoch/Iter:243/0000 Test Loss:3.559596 acc:0.670186 data:val 
step: 244/600 41% [Remain: 0h/ 5m/23s | 0.91s/step]

Epoch/Iter:244/0000 Train Loss:0.481121 
Epoch/Iter:244/0000 Test Loss:2.858973 acc:0.623311 data:val 
step: 245/600 41% [Remain: 0h/ 5m/22s | 0.91s/step]

Epoch/Iter:245/0000 Train Loss:0.562478 
Epoch/Iter:245/0000 Test Loss:2.814661 acc:0.723395 data:val 
step: 246/600 41% [Remain: 0h/ 5m/22s | 0.91s/step]

Epoch/Iter:246/0000 Train Loss:0.143259 
Epoch/Iter:246/0000 Test Loss:3.170541 acc:0.730574 data:val 
step: 247/600 41% [Remain: 0h/ 5m/21s | 0.91s/step]

Epoch/Iter:247/0000 Train Loss:0.166116 
Epoch/Iter:247/0000 Test Loss:3.001875 acc:0.663851 data:val 
step: 248/600 41% [Remain: 0h/ 5m/20s | 0.91s/step]

Epoch/Iter:248/0000 Train Loss:0.233502 
Epoch/Iter:248/0000 Test Loss:3.229605 acc:0.738598 data:val 
step: 249/600 42% [Remain: 0h/ 5m/19s | 0.91s/step]

Epoch/Iter:249/0000 Train Loss:0.080487 
Epoch/Iter:249/0000 Test Loss:3.091432 acc:0.732264 data:val 
step: 250/600 42% [Remain: 0h/ 5m/18s | 0.91s/step]

Epoch/Iter:250/0000 Train Loss:0.185553 
Epoch/Iter:250/0000 Test Loss:3.239530 acc:0.640625 data:val 
step: 251/600 42% [Remain: 0h/ 5m/17s | 0.91s/step]

Epoch/Iter:251/0000 Train Loss:0.508325 
Epoch/Iter:251/0000 Test Loss:3.042745 acc:0.747889 data:val 
step: 252/600 42% [Remain: 0h/ 5m/16s | 0.91s/step]

Epoch/Iter:252/0000 Train Loss:0.110362 
Epoch/Iter:252/0000 Test Loss:3.189778 acc:0.708615 data:val 
step: 253/600 42% [Remain: 0h/ 5m/15s | 0.91s/step]

Epoch/Iter:253/0000 Train Loss:0.132678 
Epoch/Iter:253/0000 Test Loss:3.190983 acc:0.736909 data:val 
step: 254/600 42% [Remain: 0h/ 5m/14s | 0.91s/step]

Epoch/Iter:254/0000 Train Loss:0.117015 
Epoch/Iter:254/0000 Test Loss:3.566879 acc:0.644426 data:val 
step: 255/600 42% [Remain: 0h/ 5m/13s | 0.91s/step]

Epoch/Iter:255/0000 Train Loss:0.387202 
Epoch/Iter:255/0000 Test Loss:3.001594 acc:0.579392 data:val 
step: 256/600 43% [Remain: 0h/ 5m/12s | 0.91s/step]

Epoch/Iter:256/0000 Train Loss:0.435501 
Epoch/Iter:256/0000 Test Loss:3.433782 acc:0.702280 data:val 
step: 257/600 43% [Remain: 0h/ 5m/11s | 0.91s/step]

Epoch/Iter:257/0000 Train Loss:0.148505 
Epoch/Iter:257/0000 Test Loss:3.073925 acc:0.763936 data:val 
step: 258/600 43% [Remain: 0h/ 5m/11s | 0.91s/step]

Epoch/Iter:258/0000 Train Loss:0.144274 
Epoch/Iter:258/0000 Test Loss:3.062691 acc:0.741132 data:val 
step: 259/600 43% [Remain: 0h/ 5m/10s | 0.91s/step]

Epoch/Iter:259/0000 Train Loss:0.158645 
Epoch/Iter:259/0000 Test Loss:3.157190 acc:0.744932 data:val 
step: 260/600 43% [Remain: 0h/ 5m/ 9s | 0.91s/step]

Epoch/Iter:260/0000 Train Loss:0.225138 
Epoch/Iter:260/0000 Test Loss:3.791450 acc:0.678632 data:val 
step: 261/600 44% [Remain: 0h/ 5m/ 8s | 0.91s/step]

Epoch/Iter:261/0000 Train Loss:0.373132 
Epoch/Iter:261/0000 Test Loss:3.289951 acc:0.717483 data:val 
step: 262/600 44% [Remain: 0h/ 5m/ 7s | 0.91s/step]

Epoch/Iter:262/0000 Train Loss:0.327368 
Epoch/Iter:262/0000 Test Loss:3.744829 acc:0.643159 data:val 
step: 263/600 44% [Remain: 0h/ 5m/ 6s | 0.91s/step]

Epoch/Iter:263/0000 Train Loss:0.318733 
Epoch/Iter:263/0000 Test Loss:3.260308 acc:0.758868 data:val 
step: 264/600 44% [Remain: 0h/ 5m/ 5s | 0.91s/step]

Epoch/Iter:264/0000 Train Loss:0.136662 
Epoch/Iter:264/0000 Test Loss:3.407780 acc:0.653294 data:val 
step: 265/600 44% [Remain: 0h/ 5m/ 4s | 0.91s/step]

Epoch/Iter:265/0000 Train Loss:0.227150 
Epoch/Iter:265/0000 Test Loss:3.231653 acc:0.774916 data:val 
step: 266/600 44% [Remain: 0h/ 5m/ 3s | 0.91s/step]

Epoch/Iter:266/0000 Train Loss:0.084674 
Epoch/Iter:266/0000 Test Loss:3.617703 acc:0.726774 data:val 
step: 267/600 44% [Remain: 0h/ 5m/ 3s | 0.91s/step]

Epoch/Iter:267/0000 Train Loss:0.143123 
Epoch/Iter:267/0000 Test Loss:3.272918 acc:0.690878 data:val 
step: 268/600 45% [Remain: 0h/ 5m/ 2s | 0.91s/step]

Epoch/Iter:268/0000 Train Loss:0.218572 
Epoch/Iter:268/0000 Test Loss:3.076666 acc:0.777449 data:val 
step: 269/600 45% [Remain: 0h/ 5m/ 1s | 0.91s/step]

Epoch/Iter:269/0000 Train Loss:0.082967 
Epoch/Iter:269/0000 Test Loss:2.993456 acc:0.706503 data:val 
step: 270/600 45% [Remain: 0h/ 5m/ 0s | 0.91s/step]

Epoch/Iter:270/0000 Train Loss:0.191326 
Epoch/Iter:270/0000 Test Loss:3.119897 acc:0.752956 data:val 
step: 271/600 45% [Remain: 0h/ 4m/59s | 0.91s/step]

Epoch/Iter:271/0000 Train Loss:0.140136 
Epoch/Iter:271/0000 Test Loss:3.209669 acc:0.546875 data:val 
step: 272/600 45% [Remain: 0h/ 4m/58s | 0.91s/step]

Epoch/Iter:272/0000 Train Loss:0.651663 
Epoch/Iter:272/0000 Test Loss:3.380297 acc:0.749578 data:val 
step: 273/600 46% [Remain: 0h/ 4m/57s | 0.91s/step]

Epoch/Iter:273/0000 Train Loss:0.126566 
Epoch/Iter:273/0000 Test Loss:3.202761 acc:0.751689 data:val 
step: 274/600 46% [Remain: 0h/ 4m/56s | 0.91s/step]

Epoch/Iter:274/0000 Train Loss:0.112336 
Epoch/Iter:274/0000 Test Loss:3.664852 acc:0.689189 data:val 
step: 275/600 46% [Remain: 0h/ 4m/55s | 0.91s/step]

Epoch/Iter:275/0000 Train Loss:0.273926 
Epoch/Iter:275/0000 Test Loss:3.103434 acc:0.742821 data:val 
step: 276/600 46% [Remain: 0h/ 4m/54s | 0.91s/step]

Epoch/Iter:276/0000 Train Loss:0.180844 
Epoch/Iter:276/0000 Test Loss:2.946483 acc:0.738598 data:val 
step: 277/600 46% [Remain: 0h/ 4m/53s | 0.91s/step]

Epoch/Iter:277/0000 Train Loss:0.262461 
Epoch/Iter:277/0000 Test Loss:3.258970 acc:0.741132 data:val 
step: 278/600 46% [Remain: 0h/ 4m/52s | 0.91s/step]

Epoch/Iter:278/0000 Train Loss:0.133310 
Epoch/Iter:278/0000 Test Loss:3.083776 acc:0.658361 data:val 
step: 279/600 46% [Remain: 0h/ 4m/51s | 0.91s/step]

Epoch/Iter:279/0000 Train Loss:0.323400 
Epoch/Iter:279/0000 Test Loss:3.510950 acc:0.717905 data:val 
step: 280/600 47% [Remain: 0h/ 4m/50s | 0.91s/step]

Epoch/Iter:280/0000 Train Loss:0.077667 
Epoch/Iter:280/0000 Test Loss:3.001938 acc:0.736486 data:val 
step: 281/600 47% [Remain: 0h/ 4m/49s | 0.91s/step]

Epoch/Iter:281/0000 Train Loss:0.139136 
Epoch/Iter:281/0000 Test Loss:3.192351 acc:0.779561 data:val 
step: 282/600 47% [Remain: 0h/ 4m/48s | 0.91s/step]

Epoch/Iter:282/0000 Train Loss:0.152667 
Epoch/Iter:282/0000 Test Loss:2.914235 acc:0.738598 data:val 
step: 283/600 47% [Remain: 0h/ 4m/48s | 0.91s/step]

Epoch/Iter:283/0000 Train Loss:0.180860 
Epoch/Iter:283/0000 Test Loss:3.122888 acc:0.743243 data:val 
step: 284/600 47% [Remain: 0h/ 4m/47s | 0.91s/step]

Epoch/Iter:284/0000 Train Loss:0.176297 
Epoch/Iter:284/0000 Test Loss:3.049105 acc:0.719595 data:val 
step: 285/600 48% [Remain: 0h/ 4m/46s | 0.91s/step]

Epoch/Iter:285/0000 Train Loss:0.147991 
Epoch/Iter:285/0000 Test Loss:2.901440 acc:0.739020 data:val 
step: 286/600 48% [Remain: 0h/ 4m/45s | 0.91s/step]

Epoch/Iter:286/0000 Train Loss:0.142437 
Epoch/Iter:286/0000 Test Loss:3.182879 acc:0.746622 data:val 
step: 287/600 48% [Remain: 0h/ 4m/44s | 0.91s/step]

Epoch/Iter:287/0000 Train Loss:0.136391 
Epoch/Iter:287/0000 Test Loss:3.136154 acc:0.775760 data:val 
step: 288/600 48% [Remain: 0h/ 4m/43s | 0.91s/step]

Epoch/Iter:288/0000 Train Loss:0.067415 
Epoch/Iter:288/0000 Test Loss:3.247291 acc:0.640625 data:val 
step: 289/600 48% [Remain: 0h/ 4m/42s | 0.91s/step]

Epoch/Iter:289/0000 Train Loss:0.388733 
Epoch/Iter:289/0000 Test Loss:3.263636 acc:0.776182 data:val 
step: 290/600 48% [Remain: 0h/ 4m/41s | 0.91s/step]

Epoch/Iter:290/0000 Train Loss:0.117619 
Epoch/Iter:290/0000 Test Loss:3.269712 acc:0.776605 data:val 
step: 291/600 48% [Remain: 0h/ 4m/40s | 0.91s/step]

Epoch/Iter:291/0000 Train Loss:0.103502 
Epoch/Iter:291/0000 Test Loss:3.388311 acc:0.758024 data:val 
step: 292/600 49% [Remain: 0h/ 4m/39s | 0.91s/step]

Epoch/Iter:292/0000 Train Loss:0.054761 
Epoch/Iter:292/0000 Test Loss:3.690498 acc:0.744932 data:val 
step: 293/600 49% [Remain: 0h/ 4m/38s | 0.91s/step]

Epoch/Iter:293/0000 Train Loss:0.190120 
Epoch/Iter:293/0000 Test Loss:3.246772 acc:0.552365 data:val 
step: 294/600 49% [Remain: 0h/ 4m/38s | 0.91s/step]

Epoch/Iter:294/0000 Train Loss:0.392406 
Epoch/Iter:294/0000 Test Loss:3.894701 acc:0.695101 data:val 
step: 295/600 49% [Remain: 0h/ 4m/37s | 0.91s/step]

Epoch/Iter:295/0000 Train Loss:0.191139 
Epoch/Iter:295/0000 Test Loss:3.365594 acc:0.754645 data:val 
step: 296/600 49% [Remain: 0h/ 4m/36s | 0.91s/step]

Epoch/Iter:296/0000 Train Loss:0.136537 
Epoch/Iter:296/0000 Test Loss:3.361566 acc:0.723395 data:val 
step: 297/600 50% [Remain: 0h/ 4m/35s | 0.91s/step]

Epoch/Iter:297/0000 Train Loss:0.092166 
Epoch/Iter:297/0000 Test Loss:3.554783 acc:0.747044 data:val 
step: 298/600 50% [Remain: 0h/ 4m/34s | 0.91s/step]

Epoch/Iter:298/0000 Train Loss:0.110787 
Epoch/Iter:298/0000 Test Loss:3.276551 acc:0.778294 data:val 
step: 299/600 50% [Remain: 0h/ 4m/33s | 0.91s/step]

Epoch/Iter:299/0000 Train Loss:0.124824 
Epoch/Iter:299/0000 Test Loss:3.331625 acc:0.770693 data:val 
step: 300/600 50% [Remain: 0h/ 4m/32s | 0.91s/step]

Epoch/Iter:300/0000 Train Loss:0.075022 
Epoch/Iter:300/0000 Test Loss:3.203425 acc:0.776182 data:val 
step: 301/600 50% [Remain: 0h/ 4m/31s | 0.91s/step]

Epoch/Iter:301/0000 Train Loss:0.089462 
Epoch/Iter:301/0000 Test Loss:3.422122 acc:0.523649 data:val 
step: 302/600 50% [Remain: 0h/ 4m/30s | 0.91s/step]

Epoch/Iter:302/0000 Train Loss:0.671967 
Epoch/Iter:302/0000 Test Loss:3.499827 acc:0.719172 data:val 
step: 303/600 50% [Remain: 0h/ 4m/29s | 0.91s/step]

Epoch/Iter:303/0000 Train Loss:0.148755 
Epoch/Iter:303/0000 Test Loss:3.591245 acc:0.736909 data:val 
step: 304/600 51% [Remain: 0h/ 4m/28s | 0.91s/step]

Epoch/Iter:304/0000 Train Loss:0.191695 
Epoch/Iter:304/0000 Test Loss:3.390780 acc:0.771115 data:val 
step: 305/600 51% [Remain: 0h/ 4m/28s | 0.91s/step]

Epoch/Iter:305/0000 Train Loss:0.207046 
Epoch/Iter:305/0000 Test Loss:5.942465 acc:0.311655 data:val 
step: 306/600 51% [Remain: 0h/ 4m/27s | 0.91s/step]

Epoch/Iter:306/0000 Train Loss:3.862375 
Epoch/Iter:306/0000 Test Loss:3.443072 acc:0.745777 data:val 
step: 307/600 51% [Remain: 0h/ 4m/26s | 0.91s/step]

Epoch/Iter:307/0000 Train Loss:0.080401 
Epoch/Iter:307/0000 Test Loss:3.523851 acc:0.715794 data:val 
step: 308/600 51% [Remain: 0h/ 4m/25s | 0.91s/step]

Epoch/Iter:308/0000 Train Loss:0.184299 
Epoch/Iter:308/0000 Test Loss:3.337970 acc:0.691723 data:val 
step: 309/600 52% [Remain: 0h/ 4m/24s | 0.91s/step]

Epoch/Iter:309/0000 Train Loss:0.281273 
Epoch/Iter:309/0000 Test Loss:3.377439 acc:0.755912 data:val 
step: 310/600 52% [Remain: 0h/ 4m/23s | 0.91s/step]

Epoch/Iter:310/0000 Train Loss:0.110242 
Epoch/Iter:310/0000 Test Loss:3.376806 acc:0.767736 data:val 
step: 311/600 52% [Remain: 0h/ 4m/22s | 0.91s/step]

Epoch/Iter:311/0000 Train Loss:0.076997 
Epoch/Iter:311/0000 Test Loss:3.298127 acc:0.743666 data:val 
step: 312/600 52% [Remain: 0h/ 4m/21s | 0.91s/step]

Epoch/Iter:312/0000 Train Loss:0.101319 
Epoch/Iter:312/0000 Test Loss:3.461619 acc:0.769848 data:val 
step: 313/600 52% [Remain: 0h/ 4m/20s | 0.91s/step]

Epoch/Iter:313/0000 Train Loss:0.062362 
Epoch/Iter:313/0000 Test Loss:3.349450 acc:0.721284 data:val 
step: 314/600 52% [Remain: 0h/ 4m/19s | 0.91s/step]

Epoch/Iter:314/0000 Train Loss:0.088269 
Epoch/Iter:314/0000 Test Loss:2.819223 acc:0.734375 data:val 
step: 315/600 52% [Remain: 0h/ 4m/18s | 0.91s/step]

Epoch/Iter:315/0000 Train Loss:0.096030 
Epoch/Iter:315/0000 Test Loss:2.738066 acc:0.788851 data:val 
step: 316/600 53% [Remain: 0h/ 4m/17s | 0.91s/step]

Epoch/Iter:316/0000 Train Loss:0.108497 
Epoch/Iter:316/0000 Test Loss:2.798238 acc:0.781672 data:val 
step: 317/600 53% [Remain: 0h/ 4m/16s | 0.91s/step]

Epoch/Iter:317/0000 Train Loss:0.114749 
Epoch/Iter:317/0000 Test Loss:2.974151 acc:0.761402 data:val 
step: 318/600 53% [Remain: 0h/ 4m/15s | 0.91s/step]

Epoch/Iter:318/0000 Train Loss:0.115721 
Epoch/Iter:318/0000 Test Loss:3.078250 acc:0.772804 data:val 
step: 319/600 53% [Remain: 0h/ 4m/14s | 0.91s/step]

Epoch/Iter:319/0000 Train Loss:0.124440 
Epoch/Iter:319/0000 Test Loss:3.031157 acc:0.775760 data:val 
step: 320/600 53% [Remain: 0h/ 4m/14s | 0.91s/step]

Epoch/Iter:320/0000 Train Loss:0.093381 
Epoch/Iter:320/0000 Test Loss:3.287663 acc:0.780405 data:val 
step: 321/600 54% [Remain: 0h/ 4m/13s | 0.91s/step]

Epoch/Iter:321/0000 Train Loss:0.098749 
Epoch/Iter:321/0000 Test Loss:3.700801 acc:0.702280 data:val 
step: 322/600 54% [Remain: 0h/ 4m/12s | 0.91s/step]

Epoch/Iter:322/0000 Train Loss:0.240303 
Epoch/Iter:322/0000 Test Loss:3.159125 acc:0.774916 data:val 
step: 323/600 54% [Remain: 0h/ 4m/11s | 0.91s/step]

Epoch/Iter:323/0000 Train Loss:0.060511 
Epoch/Iter:323/0000 Test Loss:3.291229 acc:0.750000 data:val 
step: 324/600 54% [Remain: 0h/ 4m/10s | 0.91s/step]

Epoch/Iter:324/0000 Train Loss:0.075421 
Epoch/Iter:324/0000 Test Loss:3.201291 acc:0.789274 data:val 
step: 325/600 54% [Remain: 0h/ 4m/ 9s | 0.91s/step]

Epoch/Iter:325/0000 Train Loss:0.103389 
Epoch/Iter:325/0000 Test Loss:3.682032 acc:0.730152 data:val 
step: 326/600 54% [Remain: 0h/ 4m/ 8s | 0.91s/step]

Epoch/Iter:326/0000 Train Loss:0.159380 
Epoch/Iter:326/0000 Test Loss:3.292228 acc:0.727618 data:val 
step: 327/600 54% [Remain: 0h/ 4m/ 7s | 0.91s/step]

Epoch/Iter:327/0000 Train Loss:0.112381 
Epoch/Iter:327/0000 Test Loss:3.087057 acc:0.782517 data:val 
step: 328/600 55% [Remain: 0h/ 4m/ 6s | 0.91s/step]

Epoch/Iter:328/0000 Train Loss:0.053669 
Epoch/Iter:328/0000 Test Loss:2.749058 acc:0.760557 data:val 
step: 329/600 55% [Remain: 0h/ 4m/ 5s | 0.91s/step]

Epoch/Iter:329/0000 Train Loss:0.122243 
Epoch/Iter:329/0000 Test Loss:2.999179 acc:0.758868 data:val 
step: 330/600 55% [Remain: 0h/ 4m/ 4s | 0.91s/step]

Epoch/Iter:330/0000 Train Loss:0.059046 
Epoch/Iter:330/0000 Test Loss:2.816910 acc:0.746622 data:val 
step: 331/600 55% [Remain: 0h/ 4m/ 3s | 0.91s/step]

Epoch/Iter:331/0000 Train Loss:0.072256 
Epoch/Iter:331/0000 Test Loss:3.113439 acc:0.730152 data:val 
step: 332/600 55% [Remain: 0h/ 4m/ 3s | 0.91s/step]

Epoch/Iter:332/0000 Train Loss:0.141867 
Epoch/Iter:332/0000 Test Loss:3.402959 acc:0.679054 data:val 
step: 333/600 56% [Remain: 0h/ 4m/ 2s | 0.91s/step]

Epoch/Iter:333/0000 Train Loss:0.221521 
Epoch/Iter:333/0000 Test Loss:3.186588 acc:0.719595 data:val 
step: 334/600 56% [Remain: 0h/ 4m/ 1s | 0.91s/step]

Epoch/Iter:334/0000 Train Loss:0.254714 
Epoch/Iter:334/0000 Test Loss:4.086593 acc:0.604730 data:val 
step: 335/600 56% [Remain: 0h/ 4m/ 0s | 0.91s/step]

Epoch/Iter:335/0000 Train Loss:0.946255 
Epoch/Iter:335/0000 Test Loss:2.560093 acc:0.746622 data:val 
step: 336/600 56% [Remain: 0h/ 3m/59s | 0.91s/step]

Epoch/Iter:336/0000 Train Loss:0.229858 
Epoch/Iter:336/0000 Test Loss:3.036504 acc:0.717483 data:val 
step: 337/600 56% [Remain: 0h/ 3m/58s | 0.91s/step]

Epoch/Iter:337/0000 Train Loss:0.108295 
Epoch/Iter:337/0000 Test Loss:2.970844 acc:0.575169 data:val 
step: 338/600 56% [Remain: 0h/ 3m/57s | 0.91s/step]

Epoch/Iter:338/0000 Train Loss:0.479552 
Epoch/Iter:338/0000 Test Loss:2.922800 acc:0.757601 data:val 
step: 339/600 56% [Remain: 0h/ 3m/56s | 0.91s/step]

Epoch/Iter:339/0000 Train Loss:0.122774 
Epoch/Iter:339/0000 Test Loss:2.950975 acc:0.697213 data:val 
step: 340/600 57% [Remain: 0h/ 3m/55s | 0.91s/step]

Epoch/Iter:340/0000 Train Loss:0.161093 
Epoch/Iter:340/0000 Test Loss:3.385532 acc:0.676098 data:val 
step: 341/600 57% [Remain: 0h/ 3m/54s | 0.91s/step]

Epoch/Iter:341/0000 Train Loss:0.303896 
Epoch/Iter:341/0000 Test Loss:2.801902 acc:0.755490 data:val 
step: 342/600 57% [Remain: 0h/ 3m/53s | 0.91s/step]

Epoch/Iter:342/0000 Train Loss:0.180168 
Epoch/Iter:342/0000 Test Loss:2.866183 acc:0.768159 data:val 
step: 343/600 57% [Remain: 0h/ 3m/53s | 0.91s/step]

Epoch/Iter:343/0000 Train Loss:0.169634 
Epoch/Iter:343/0000 Test Loss:2.797147 acc:0.791807 data:val 
step: 344/600 57% [Remain: 0h/ 3m/52s | 0.91s/step]

Epoch/Iter:344/0000 Train Loss:0.106884 
Epoch/Iter:344/0000 Test Loss:3.148443 acc:0.766892 data:val 
step: 345/600 58% [Remain: 0h/ 3m/51s | 0.91s/step]

Epoch/Iter:345/0000 Train Loss:0.127756 
Epoch/Iter:345/0000 Test Loss:3.146219 acc:0.796875 data:val 
step: 346/600 58% [Remain: 0h/ 3m/50s | 0.91s/step]

Epoch/Iter:346/0000 Train Loss:0.092516 
Epoch/Iter:346/0000 Test Loss:2.951471 acc:0.693412 data:val 
step: 347/600 58% [Remain: 0h/ 3m/49s | 0.91s/step]

Epoch/Iter:347/0000 Train Loss:0.177685 
Epoch/Iter:347/0000 Test Loss:3.521219 acc:0.543074 data:val 
step: 348/600 58% [Remain: 0h/ 3m/48s | 0.91s/step]

Epoch/Iter:348/0000 Train Loss:0.883413 
Epoch/Iter:348/0000 Test Loss:3.320381 acc:0.726351 data:val 
step: 349/600 58% [Remain: 0h/ 3m/47s | 0.91s/step]

Epoch/Iter:349/0000 Train Loss:0.169439 
Epoch/Iter:349/0000 Test Loss:3.338121 acc:0.763514 data:val 
step: 350/600 58% [Remain: 0h/ 3m/46s | 0.91s/step]

Epoch/Iter:350/0000 Train Loss:0.079368 
Epoch/Iter:350/0000 Test Loss:3.029767 acc:0.776605 data:val 
step: 351/600 58% [Remain: 0h/ 3m/45s | 0.91s/step]

Epoch/Iter:351/0000 Train Loss:0.092107 
Epoch/Iter:351/0000 Test Loss:3.118192 acc:0.705659 data:val 
step: 352/600 59% [Remain: 0h/ 3m/44s | 0.91s/step]

Epoch/Iter:352/0000 Train Loss:0.493785 
Epoch/Iter:352/0000 Test Loss:5.410790 acc:0.567568 data:val 
step: 353/600 59% [Remain: 0h/ 3m/43s | 0.91s/step]

Epoch/Iter:353/0000 Train Loss:1.470473 
Epoch/Iter:353/0000 Test Loss:2.686663 acc:0.718750 data:val 
step: 354/600 59% [Remain: 0h/ 3m/43s | 0.91s/step]

Epoch/Iter:354/0000 Train Loss:0.119266 
Epoch/Iter:354/0000 Test Loss:3.087064 acc:0.753801 data:val 
step: 355/600 59% [Remain: 0h/ 3m/42s | 0.91s/step]

Epoch/Iter:355/0000 Train Loss:0.154217 
Epoch/Iter:355/0000 Test Loss:3.202812 acc:0.780828 data:val 
step: 356/600 59% [Remain: 0h/ 3m/41s | 0.91s/step]

Epoch/Iter:356/0000 Train Loss:0.065762 
Epoch/Iter:356/0000 Test Loss:3.492503 acc:0.709459 data:val 
step: 357/600 60% [Remain: 0h/ 3m/40s | 0.91s/step]

Epoch/Iter:357/0000 Train Loss:0.278513 
Epoch/Iter:357/0000 Test Loss:3.258509 acc:0.755490 data:val 
step: 358/600 60% [Remain: 0h/ 3m/39s | 0.91s/step]

Epoch/Iter:358/0000 Train Loss:0.093636 
Epoch/Iter:358/0000 Test Loss:3.272440 acc:0.779983 data:val 
step: 359/600 60% [Remain: 0h/ 3m/38s | 0.91s/step]

Epoch/Iter:359/0000 Train Loss:0.086900 
Epoch/Iter:359/0000 Test Loss:3.191950 acc:0.758024 data:val 
step: 360/600 60% [Remain: 0h/ 3m/37s | 0.91s/step]

Epoch/Iter:360/0000 Train Loss:0.116211 
Epoch/Iter:360/0000 Test Loss:3.635913 acc:0.673986 data:val 
step: 361/600 60% [Remain: 0h/ 3m/36s | 0.91s/step]

Epoch/Iter:361/0000 Train Loss:0.176105 
Epoch/Iter:361/0000 Test Loss:3.079615 acc:0.749155 data:val 
step: 362/600 60% [Remain: 0h/ 3m/35s | 0.91s/step]

Epoch/Iter:362/0000 Train Loss:0.120571 
Epoch/Iter:362/0000 Test Loss:2.676155 acc:0.789696 data:val 
step: 363/600 60% [Remain: 0h/ 3m/34s | 0.91s/step]

Epoch/Iter:363/0000 Train Loss:0.111119 
Epoch/Iter:363/0000 Test Loss:2.714975 acc:0.801098 data:val 
step: 364/600 61% [Remain: 0h/ 3m/33s | 0.91s/step]

Epoch/Iter:364/0000 Train Loss:0.074209 
Epoch/Iter:364/0000 Test Loss:2.875936 acc:0.765203 data:val 
step: 365/600 61% [Remain: 0h/ 3m/33s | 0.91s/step]

Epoch/Iter:365/0000 Train Loss:0.129726 
Epoch/Iter:365/0000 Test Loss:3.389768 acc:0.706926 data:val 
step: 366/600 61% [Remain: 0h/ 3m/32s | 0.91s/step]

Epoch/Iter:366/0000 Train Loss:0.184187 
Epoch/Iter:366/0000 Test Loss:2.801960 acc:0.796453 data:val 
step: 367/600 61% [Remain: 0h/ 3m/31s | 0.91s/step]

Epoch/Iter:367/0000 Train Loss:0.067093 
Epoch/Iter:367/0000 Test Loss:3.126139 acc:0.727618 data:val 
step: 368/600 61% [Remain: 0h/ 3m/30s | 0.91s/step]

Epoch/Iter:368/0000 Train Loss:0.239104 
Epoch/Iter:368/0000 Test Loss:2.998757 acc:0.702703 data:val 
step: 369/600 62% [Remain: 0h/ 3m/29s | 0.91s/step]

Epoch/Iter:369/0000 Train Loss:0.246825 
Epoch/Iter:369/0000 Test Loss:2.850064 acc:0.788007 data:val 
step: 370/600 62% [Remain: 0h/ 3m/28s | 0.91s/step]

Epoch/Iter:370/0000 Train Loss:0.068302 
Epoch/Iter:370/0000 Test Loss:3.213429 acc:0.720017 data:val 
step: 371/600 62% [Remain: 0h/ 3m/27s | 0.91s/step]

Epoch/Iter:371/0000 Train Loss:0.123617 
Epoch/Iter:371/0000 Test Loss:2.997922 acc:0.796453 data:val 
step: 372/600 62% [Remain: 0h/ 3m/26s | 0.91s/step]

Epoch/Iter:372/0000 Train Loss:0.060157 
Epoch/Iter:372/0000 Test Loss:2.776285 acc:0.771959 data:val 
step: 373/600 62% [Remain: 0h/ 3m/25s | 0.91s/step]

Epoch/Iter:373/0000 Train Loss:0.119338 
Epoch/Iter:373/0000 Test Loss:2.621992 acc:0.782095 data:val 
step: 374/600 62% [Remain: 0h/ 3m/24s | 0.91s/step]

Epoch/Iter:374/0000 Train Loss:0.107519 
Epoch/Iter:374/0000 Test Loss:2.889750 acc:0.747044 data:val 
step: 375/600 62% [Remain: 0h/ 3m/23s | 0.91s/step]

Epoch/Iter:375/0000 Train Loss:0.173961 
Epoch/Iter:375/0000 Test Loss:2.935545 acc:0.726774 data:val 
step: 376/600 63% [Remain: 0h/ 3m/23s | 0.91s/step]

Epoch/Iter:376/0000 Train Loss:0.139396 
Epoch/Iter:376/0000 Test Loss:2.846372 acc:0.782095 data:val 
step: 377/600 63% [Remain: 0h/ 3m/22s | 0.91s/step]

Epoch/Iter:377/0000 Train Loss:0.061628 
Epoch/Iter:377/0000 Test Loss:3.077597 acc:0.744510 data:val 
step: 378/600 63% [Remain: 0h/ 3m/21s | 0.91s/step]

Epoch/Iter:378/0000 Train Loss:0.274472 
Epoch/Iter:378/0000 Test Loss:2.718201 acc:0.729730 data:val 
step: 379/600 63% [Remain: 0h/ 3m/20s | 0.91s/step]

Epoch/Iter:379/0000 Train Loss:0.225063 
Epoch/Iter:379/0000 Test Loss:3.073050 acc:0.796030 data:val 
step: 380/600 63% [Remain: 0h/ 3m/19s | 0.91s/step]

Epoch/Iter:380/0000 Train Loss:0.050821 
Epoch/Iter:380/0000 Test Loss:3.228931 acc:0.774916 data:val 
step: 381/600 64% [Remain: 0h/ 3m/18s | 0.91s/step]

Epoch/Iter:381/0000 Train Loss:0.057309 
Epoch/Iter:381/0000 Test Loss:2.764707 acc:0.804054 data:val 
step: 382/600 64% [Remain: 0h/ 3m/17s | 0.91s/step]

Epoch/Iter:382/0000 Train Loss:0.073296 
Epoch/Iter:382/0000 Test Loss:3.489756 acc:0.714949 data:val 
step: 383/600 64% [Remain: 0h/ 3m/16s | 0.91s/step]

Epoch/Iter:383/0000 Train Loss:0.211323 
Epoch/Iter:383/0000 Test Loss:2.936909 acc:0.777872 data:val 
step: 384/600 64% [Remain: 0h/ 3m/15s | 0.91s/step]

Epoch/Iter:384/0000 Train Loss:0.126736 
Epoch/Iter:384/0000 Test Loss:2.937043 acc:0.682010 data:val 
step: 385/600 64% [Remain: 0h/ 3m/14s | 0.91s/step]

Epoch/Iter:385/0000 Train Loss:0.134405 
Epoch/Iter:385/0000 Test Loss:2.923849 acc:0.785895 data:val 
step: 386/600 64% [Remain: 0h/ 3m/14s | 0.91s/step]

Epoch/Iter:386/0000 Train Loss:0.096700 
Epoch/Iter:386/0000 Test Loss:3.100033 acc:0.787162 data:val 
step: 387/600 64% [Remain: 0h/ 3m/13s | 0.91s/step]

Epoch/Iter:387/0000 Train Loss:0.095234 
Epoch/Iter:387/0000 Test Loss:3.641515 acc:0.706503 data:val 
step: 388/600 65% [Remain: 0h/ 3m/12s | 0.91s/step]

Epoch/Iter:388/0000 Train Loss:0.314728 
Epoch/Iter:388/0000 Test Loss:2.956283 acc:0.801943 data:val 
step: 389/600 65% [Remain: 0h/ 3m/11s | 0.91s/step]

Epoch/Iter:389/0000 Train Loss:0.063371 
Epoch/Iter:389/0000 Test Loss:3.070476 acc:0.745777 data:val 
step: 390/600 65% [Remain: 0h/ 3m/10s | 0.91s/step]

Epoch/Iter:390/0000 Train Loss:0.182551 
Epoch/Iter:390/0000 Test Loss:2.949696 acc:0.773649 data:val 
step: 391/600 65% [Remain: 0h/ 3m/ 9s | 0.91s/step]

Epoch/Iter:391/0000 Train Loss:0.098626 
Epoch/Iter:391/0000 Test Loss:2.987277 acc:0.662162 data:val 
step: 392/600 65% [Remain: 0h/ 3m/ 8s | 0.91s/step]

Epoch/Iter:392/0000 Train Loss:0.277497 
Epoch/Iter:392/0000 Test Loss:2.873221 acc:0.794341 data:val 
step: 393/600 66% [Remain: 0h/ 3m/ 7s | 0.91s/step]

Epoch/Iter:393/0000 Train Loss:0.120248 
Epoch/Iter:393/0000 Test Loss:2.637098 acc:0.805321 data:val 
step: 394/600 66% [Remain: 0h/ 3m/ 6s | 0.91s/step]

Epoch/Iter:394/0000 Train Loss:0.069854 
Epoch/Iter:394/0000 Test Loss:2.819925 acc:0.793074 data:val 
step: 395/600 66% [Remain: 0h/ 3m/ 5s | 0.91s/step]

Epoch/Iter:395/0000 Train Loss:0.055537 
Epoch/Iter:395/0000 Test Loss:2.791273 acc:0.778294 data:val 
step: 396/600 66% [Remain: 0h/ 3m/ 5s | 0.91s/step]

Epoch/Iter:396/0000 Train Loss:0.059271 
Epoch/Iter:396/0000 Test Loss:2.811489 acc:0.801098 data:val 
step: 397/600 66% [Remain: 0h/ 3m/ 4s | 0.91s/step]

Epoch/Iter:397/0000 Train Loss:0.049540 
Epoch/Iter:397/0000 Test Loss:3.146696 acc:0.742821 data:val 
step: 398/600 66% [Remain: 0h/ 3m/ 3s | 0.91s/step]

Epoch/Iter:398/0000 Train Loss:0.145158 
Epoch/Iter:398/0000 Test Loss:2.770008 acc:0.754223 data:val 
step: 399/600 66% [Remain: 0h/ 3m/ 2s | 0.91s/step]

Epoch/Iter:399/0000 Train Loss:0.175799 
Epoch/Iter:399/0000 Test Loss:3.103464 acc:0.726774 data:val 
step: 400/600 67% [Remain: 0h/ 3m/ 1s | 0.91s/step]

Epoch/Iter:400/0000 Train Loss:0.129819 
Epoch/Iter:400/0000 Test Loss:2.812255 acc:0.753378 data:val 
step: 401/600 67% [Remain: 0h/ 3m/ 0s | 0.91s/step]

Epoch/Iter:401/0000 Train Loss:0.155683 
Epoch/Iter:401/0000 Test Loss:3.612339 acc:0.680321 data:val 
step: 402/600 67% [Remain: 0h/ 2m/59s | 0.91s/step]

Epoch/Iter:402/0000 Train Loss:0.285272 
Epoch/Iter:402/0000 Test Loss:3.168869 acc:0.764780 data:val 
step: 403/600 67% [Remain: 0h/ 2m/58s | 0.91s/step]

Epoch/Iter:403/0000 Train Loss:0.179101 
Epoch/Iter:403/0000 Test Loss:3.116397 acc:0.739443 data:val 
step: 404/600 67% [Remain: 0h/ 2m/57s | 0.91s/step]

Epoch/Iter:404/0000 Train Loss:0.353514 
Epoch/Iter:404/0000 Test Loss:3.037475 acc:0.741976 data:val 
step: 405/600 68% [Remain: 0h/ 2m/56s | 0.91s/step]

Epoch/Iter:405/0000 Train Loss:0.217723 
Epoch/Iter:405/0000 Test Loss:2.833974 acc:0.788007 data:val 
step: 406/600 68% [Remain: 0h/ 2m/55s | 0.91s/step]

Epoch/Iter:406/0000 Train Loss:0.077224 
Epoch/Iter:406/0000 Test Loss:3.165376 acc:0.748733 data:val 
step: 407/600 68% [Remain: 0h/ 2m/55s | 0.91s/step]

Epoch/Iter:407/0000 Train Loss:0.074249 
Epoch/Iter:407/0000 Test Loss:2.901235 acc:0.766047 data:val 
step: 408/600 68% [Remain: 0h/ 2m/54s | 0.91s/step]

Epoch/Iter:408/0000 Train Loss:0.098845 
Epoch/Iter:408/0000 Test Loss:2.812863 acc:0.798986 data:val 
step: 409/600 68% [Remain: 0h/ 2m/53s | 0.91s/step]

Epoch/Iter:409/0000 Train Loss:0.037458 
Epoch/Iter:409/0000 Test Loss:2.927161 acc:0.775338 data:val 
step: 410/600 68% [Remain: 0h/ 2m/52s | 0.91s/step]

Epoch/Iter:410/0000 Train Loss:0.106329 
Epoch/Iter:410/0000 Test Loss:3.079326 acc:0.761402 data:val 
step: 411/600 68% [Remain: 0h/ 2m/51s | 0.91s/step]

Epoch/Iter:411/0000 Train Loss:0.094875 
Epoch/Iter:411/0000 Test Loss:3.206254 acc:0.689611 data:val 
step: 412/600 69% [Remain: 0h/ 2m/50s | 0.91s/step]

Epoch/Iter:412/0000 Train Loss:0.393608 
Epoch/Iter:412/0000 Test Loss:2.717281 acc:0.809122 data:val 
step: 413/600 69% [Remain: 0h/ 2m/49s | 0.91s/step]

Epoch/Iter:413/0000 Train Loss:0.056446 
Epoch/Iter:413/0000 Test Loss:2.877635 acc:0.804476 data:val 
step: 414/600 69% [Remain: 0h/ 2m/48s | 0.91s/step]

Epoch/Iter:414/0000 Train Loss:0.061577 
Epoch/Iter:414/0000 Test Loss:3.642017 acc:0.657517 data:val 
step: 415/600 69% [Remain: 0h/ 2m/47s | 0.91s/step]

Epoch/Iter:415/0000 Train Loss:0.577799 
Epoch/Iter:415/0000 Test Loss:2.670329 acc:0.796030 data:val 
step: 416/600 69% [Remain: 0h/ 2m/46s | 0.91s/step]

Epoch/Iter:416/0000 Train Loss:0.062448 
Epoch/Iter:416/0000 Test Loss:2.890904 acc:0.783784 data:val 
step: 417/600 70% [Remain: 0h/ 2m/45s | 0.91s/step]

Epoch/Iter:417/0000 Train Loss:0.083868 
Epoch/Iter:417/0000 Test Loss:3.116371 acc:0.760135 data:val 
step: 418/600 70% [Remain: 0h/ 2m/45s | 0.91s/step]

Epoch/Iter:418/0000 Train Loss:0.053893 
Epoch/Iter:418/0000 Test Loss:3.242458 acc:0.632179 data:val 
step: 419/600 70% [Remain: 0h/ 2m/44s | 0.91s/step]

Epoch/Iter:419/0000 Train Loss:0.472849 
Epoch/Iter:419/0000 Test Loss:3.093442 acc:0.792230 data:val 
step: 420/600 70% [Remain: 0h/ 2m/43s | 0.91s/step]

Epoch/Iter:420/0000 Train Loss:0.043881 
Epoch/Iter:420/0000 Test Loss:2.956252 acc:0.795608 data:val 
step: 421/600 70% [Remain: 0h/ 2m/42s | 0.91s/step]

Epoch/Iter:421/0000 Train Loss:0.062528 
Epoch/Iter:421/0000 Test Loss:2.846752 acc:0.805743 data:val 
step: 422/600 70% [Remain: 0h/ 2m/41s | 0.91s/step]

Epoch/Iter:422/0000 Train Loss:0.045197 
Epoch/Iter:422/0000 Test Loss:3.246548 acc:0.759713 data:val 
step: 423/600 70% [Remain: 0h/ 2m/40s | 0.91s/step]

Epoch/Iter:423/0000 Train Loss:0.099721 
Epoch/Iter:423/0000 Test Loss:3.443460 acc:0.793497 data:val 
step: 424/600 71% [Remain: 0h/ 2m/39s | 0.91s/step]

Epoch/Iter:424/0000 Train Loss:0.061037 
Epoch/Iter:424/0000 Test Loss:3.553596 acc:0.730152 data:val 
step: 425/600 71% [Remain: 0h/ 2m/38s | 0.91s/step]

Epoch/Iter:425/0000 Train Loss:0.167669 
Epoch/Iter:425/0000 Test Loss:3.225421 acc:0.795608 data:val 
step: 426/600 71% [Remain: 0h/ 2m/37s | 0.91s/step]

Epoch/Iter:426/0000 Train Loss:0.056467 
Epoch/Iter:426/0000 Test Loss:3.244229 acc:0.795608 data:val 
step: 427/600 71% [Remain: 0h/ 2m/36s | 0.91s/step]

Epoch/Iter:427/0000 Train Loss:0.029801 
Epoch/Iter:427/0000 Test Loss:3.222297 acc:0.766470 data:val 
step: 428/600 71% [Remain: 0h/ 2m/35s | 0.91s/step]

Epoch/Iter:428/0000 Train Loss:0.045478 
Epoch/Iter:428/0000 Test Loss:2.861236 acc:0.739443 data:val 
step: 429/600 72% [Remain: 0h/ 2m/34s | 0.91s/step]

Epoch/Iter:429/0000 Train Loss:0.296638 
Epoch/Iter:429/0000 Test Loss:3.139453 acc:0.795186 data:val 
step: 430/600 72% [Remain: 0h/ 2m/34s | 0.91s/step]

Epoch/Iter:430/0000 Train Loss:0.042539 
Epoch/Iter:430/0000 Test Loss:3.247408 acc:0.794764 data:val 
step: 431/600 72% [Remain: 0h/ 2m/33s | 0.91s/step]

Epoch/Iter:431/0000 Train Loss:0.049538 
Epoch/Iter:431/0000 Test Loss:2.887449 acc:0.775338 data:val 
step: 432/600 72% [Remain: 0h/ 2m/32s | 0.91s/step]

Epoch/Iter:432/0000 Train Loss:0.026811 
Epoch/Iter:432/0000 Test Loss:3.007851 acc:0.798564 data:val 
step: 433/600 72% [Remain: 0h/ 2m/31s | 0.91s/step]

Epoch/Iter:433/0000 Train Loss:0.056377 
Epoch/Iter:433/0000 Test Loss:3.327460 acc:0.793919 data:val 
step: 434/600 72% [Remain: 0h/ 2m/30s | 0.91s/step]

Epoch/Iter:434/0000 Train Loss:0.020900 
Epoch/Iter:434/0000 Test Loss:3.132107 acc:0.790541 data:val 
step: 435/600 72% [Remain: 0h/ 2m/29s | 0.91s/step]

Epoch/Iter:435/0000 Train Loss:0.064663 
Epoch/Iter:435/0000 Test Loss:3.454039 acc:0.723395 data:val 
step: 436/600 73% [Remain: 0h/ 2m/28s | 0.91s/step]

Epoch/Iter:436/0000 Train Loss:0.379199 
Epoch/Iter:436/0000 Test Loss:3.263965 acc:0.784628 data:val 
step: 437/600 73% [Remain: 0h/ 2m/27s | 0.91s/step]

Epoch/Iter:437/0000 Train Loss:0.071446 
Epoch/Iter:437/0000 Test Loss:3.271965 acc:0.775338 data:val 
step: 438/600 73% [Remain: 0h/ 2m/26s | 0.91s/step]

Epoch/Iter:438/0000 Train Loss:0.071708 
Epoch/Iter:438/0000 Test Loss:3.355260 acc:0.780405 data:val 
step: 439/600 73% [Remain: 0h/ 2m/25s | 0.91s/step]

Epoch/Iter:439/0000 Train Loss:0.104771 
Epoch/Iter:439/0000 Test Loss:3.699646 acc:0.717905 data:val 
step: 440/600 73% [Remain: 0h/ 2m/24s | 0.91s/step]

Epoch/Iter:440/0000 Train Loss:0.228770 
Epoch/Iter:440/0000 Test Loss:3.310694 acc:0.792652 data:val 
step: 441/600 74% [Remain: 0h/ 2m/24s | 0.91s/step]

Epoch/Iter:441/0000 Train Loss:0.098100 
Epoch/Iter:441/0000 Test Loss:3.444970 acc:0.794764 data:val 
step: 442/600 74% [Remain: 0h/ 2m/23s | 0.91s/step]

Epoch/Iter:442/0000 Train Loss:0.030028 
Epoch/Iter:442/0000 Test Loss:3.289333 acc:0.785051 data:val 
step: 443/600 74% [Remain: 0h/ 2m/22s | 0.91s/step]

Epoch/Iter:443/0000 Train Loss:0.056597 
Epoch/Iter:443/0000 Test Loss:3.278374 acc:0.708615 data:val 
step: 444/600 74% [Remain: 0h/ 2m/21s | 0.91s/step]

Epoch/Iter:444/0000 Train Loss:0.244947 
Epoch/Iter:444/0000 Test Loss:3.392713 acc:0.775338 data:val 
step: 445/600 74% [Remain: 0h/ 2m/20s | 0.91s/step]

Epoch/Iter:445/0000 Train Loss:0.059878 
Epoch/Iter:445/0000 Test Loss:3.238190 acc:0.795186 data:val 
step: 446/600 74% [Remain: 0h/ 2m/19s | 0.91s/step]

Epoch/Iter:446/0000 Train Loss:0.024798 
Epoch/Iter:446/0000 Test Loss:3.422486 acc:0.709459 data:val 
step: 447/600 74% [Remain: 0h/ 2m/18s | 0.91s/step]

Epoch/Iter:447/0000 Train Loss:0.223391 
Epoch/Iter:447/0000 Test Loss:3.139701 acc:0.790118 data:val 
step: 448/600 75% [Remain: 0h/ 2m/17s | 0.91s/step]

Epoch/Iter:448/0000 Train Loss:0.056008 
Epoch/Iter:448/0000 Test Loss:2.992524 acc:0.787584 data:val 
step: 449/600 75% [Remain: 0h/ 2m/16s | 0.91s/step]

Epoch/Iter:449/0000 Train Loss:0.026429 
Epoch/Iter:449/0000 Test Loss:3.294206 acc:0.793497 data:val 
step: 450/600 75% [Remain: 0h/ 2m/15s | 0.91s/step]

Epoch/Iter:450/0000 Train Loss:0.017855 
Epoch/Iter:450/0000 Test Loss:2.804232 acc:0.805743 data:val 
step: 451/600 75% [Remain: 0h/ 2m/14s | 0.91s/step]

Epoch/Iter:451/0000 Train Loss:0.020975 
Epoch/Iter:451/0000 Test Loss:2.762310 acc:0.793919 data:val 
step: 452/600 75% [Remain: 0h/ 2m/13s | 0.91s/step]

Epoch/Iter:452/0000 Train Loss:0.104767 
Epoch/Iter:452/0000 Test Loss:2.972466 acc:0.794764 data:val 
step: 453/600 76% [Remain: 0h/ 2m/13s | 0.91s/step]

Epoch/Iter:453/0000 Train Loss:0.046051 
Epoch/Iter:453/0000 Test Loss:3.025811 acc:0.782939 data:val 
step: 454/600 76% [Remain: 0h/ 2m/12s | 0.91s/step]

Epoch/Iter:454/0000 Train Loss:0.044139 
Epoch/Iter:454/0000 Test Loss:3.517051 acc:0.708193 data:val 
step: 455/600 76% [Remain: 0h/ 2m/11s | 0.91s/step]

Epoch/Iter:455/0000 Train Loss:0.226256 
Epoch/Iter:455/0000 Test Loss:2.841631 acc:0.754223 data:val 
step: 456/600 76% [Remain: 0h/ 2m/10s | 0.91s/step]

Epoch/Iter:456/0000 Train Loss:0.109756 
Epoch/Iter:456/0000 Test Loss:3.082577 acc:0.726351 data:val 
step: 457/600 76% [Remain: 0h/ 2m/ 9s | 0.91s/step]

Epoch/Iter:457/0000 Train Loss:0.154831 
Epoch/Iter:457/0000 Test Loss:2.857613 acc:0.787162 data:val 
step: 458/600 76% [Remain: 0h/ 2m/ 8s | 0.91s/step]

Epoch/Iter:458/0000 Train Loss:0.077616 
Epoch/Iter:458/0000 Test Loss:2.888572 acc:0.798986 data:val 
step: 459/600 76% [Remain: 0h/ 2m/ 7s | 0.91s/step]

Epoch/Iter:459/0000 Train Loss:0.031278 
Epoch/Iter:459/0000 Test Loss:3.384845 acc:0.739020 data:val 
step: 460/600 77% [Remain: 0h/ 2m/ 6s | 0.91s/step]

Epoch/Iter:460/0000 Train Loss:0.138065 
Epoch/Iter:460/0000 Test Loss:2.686500 acc:0.812078 data:val 
step: 461/600 77% [Remain: 0h/ 2m/ 5s | 0.91s/step]

Epoch/Iter:461/0000 Train Loss:0.040161 
Epoch/Iter:461/0000 Test Loss:3.307871 acc:0.734797 data:val 
step: 462/600 77% [Remain: 0h/ 2m/ 4s | 0.91s/step]

Epoch/Iter:462/0000 Train Loss:0.152394 
Epoch/Iter:462/0000 Test Loss:2.816046 acc:0.780405 data:val 
step: 463/600 77% [Remain: 0h/ 2m/ 4s | 0.91s/step]

Epoch/Iter:463/0000 Train Loss:0.045352 
Epoch/Iter:463/0000 Test Loss:2.717054 acc:0.798142 data:val 
step: 464/600 77% [Remain: 0h/ 2m/ 3s | 0.91s/step]

Epoch/Iter:464/0000 Train Loss:0.054821 
Epoch/Iter:464/0000 Test Loss:2.607149 acc:0.766470 data:val 
step: 465/600 78% [Remain: 0h/ 2m/ 2s | 0.91s/step]

Epoch/Iter:465/0000 Train Loss:0.158653 
Epoch/Iter:465/0000 Test Loss:2.564890 acc:0.784206 data:val 
step: 466/600 78% [Remain: 0h/ 2m/ 1s | 0.91s/step]

Epoch/Iter:466/0000 Train Loss:0.104104 
Epoch/Iter:466/0000 Test Loss:2.640011 acc:0.785895 data:val 
step: 467/600 78% [Remain: 0h/ 2m/ 0s | 0.91s/step]

Epoch/Iter:467/0000 Train Loss:0.074012 
Epoch/Iter:467/0000 Test Loss:2.592786 acc:0.793919 data:val 
step: 468/600 78% [Remain: 0h/ 1m/59s | 0.91s/step]

Epoch/Iter:468/0000 Train Loss:0.055987 
Epoch/Iter:468/0000 Test Loss:2.794556 acc:0.785895 data:val 
step: 469/600 78% [Remain: 0h/ 1m/58s | 0.91s/step]

Epoch/Iter:469/0000 Train Loss:0.085098 
Epoch/Iter:469/0000 Test Loss:2.867563 acc:0.801098 data:val 
step: 470/600 78% [Remain: 0h/ 1m/57s | 0.91s/step]

Epoch/Iter:470/0000 Train Loss:0.045522 
Epoch/Iter:470/0000 Test Loss:2.773700 acc:0.807432 data:val 
step: 471/600 78% [Remain: 0h/ 1m/56s | 0.91s/step]

Epoch/Iter:471/0000 Train Loss:0.016791 
Epoch/Iter:471/0000 Test Loss:2.538753 acc:0.814189 data:val 
step: 472/600 79% [Remain: 0h/ 1m/55s | 0.91s/step]

Epoch/Iter:472/0000 Train Loss:0.030691 
Epoch/Iter:472/0000 Test Loss:2.690047 acc:0.736486 data:val 
step: 473/600 79% [Remain: 0h/ 1m/54s | 0.91s/step]

Epoch/Iter:473/0000 Train Loss:0.165023 
Epoch/Iter:473/0000 Test Loss:2.501623 acc:0.806166 data:val 
step: 474/600 79% [Remain: 0h/ 1m/54s | 0.91s/step]

Epoch/Iter:474/0000 Train Loss:0.047098 
Epoch/Iter:474/0000 Test Loss:2.473410 acc:0.801098 data:val 
step: 475/600 79% [Remain: 0h/ 1m/53s | 0.91s/step]

Epoch/Iter:475/0000 Train Loss:0.049536 
Epoch/Iter:475/0000 Test Loss:2.827114 acc:0.644426 data:val 
step: 476/600 79% [Remain: 0h/ 1m/52s | 0.91s/step]

Epoch/Iter:476/0000 Train Loss:0.864858 
Epoch/Iter:476/0000 Test Loss:2.554081 acc:0.736064 data:val 
step: 477/600 80% [Remain: 0h/ 1m/51s | 0.91s/step]

Epoch/Iter:477/0000 Train Loss:0.287741 
Epoch/Iter:477/0000 Test Loss:2.765347 acc:0.744088 data:val 
step: 478/600 80% [Remain: 0h/ 1m/50s | 0.91s/step]

Epoch/Iter:478/0000 Train Loss:0.127831 
Epoch/Iter:478/0000 Test Loss:2.580441 acc:0.728041 data:val 
step: 479/600 80% [Remain: 0h/ 1m/49s | 0.91s/step]

Epoch/Iter:479/0000 Train Loss:0.193187 
Epoch/Iter:479/0000 Test Loss:2.310231 acc:0.781250 data:val 
step: 480/600 80% [Remain: 0h/ 1m/48s | 0.91s/step]

Epoch/Iter:480/0000 Train Loss:0.119755 
Epoch/Iter:480/0000 Test Loss:2.496996 acc:0.808699 data:val 
step: 481/600 80% [Remain: 0h/ 1m/47s | 0.91s/step]

Epoch/Iter:481/0000 Train Loss:0.024045 
Epoch/Iter:481/0000 Test Loss:2.368552 acc:0.810389 data:val 
step: 482/600 80% [Remain: 0h/ 1m/46s | 0.91s/step]

Epoch/Iter:482/0000 Train Loss:0.067055 
Epoch/Iter:482/0000 Test Loss:2.653150 acc:0.786740 data:val 
step: 483/600 80% [Remain: 0h/ 1m/45s | 0.91s/step]

Epoch/Iter:483/0000 Train Loss:0.161293 
Epoch/Iter:483/0000 Test Loss:2.239287 acc:0.807855 data:val 
step: 484/600 81% [Remain: 0h/ 1m/45s | 0.91s/step]

Epoch/Iter:484/0000 Train Loss:0.083279 
Epoch/Iter:484/0000 Test Loss:2.294638 acc:0.807432 data:val 
step: 485/600 81% [Remain: 0h/ 1m/44s | 0.91s/step]

Epoch/Iter:485/0000 Train Loss:0.055872 
Epoch/Iter:485/0000 Test Loss:2.512347 acc:0.786318 data:val 
step: 486/600 81% [Remain: 0h/ 1m/43s | 0.91s/step]

Epoch/Iter:486/0000 Train Loss:0.069564 
Epoch/Iter:486/0000 Test Loss:2.291136 acc:0.808699 data:val 
step: 487/600 81% [Remain: 0h/ 1m/42s | 0.91s/step]

Epoch/Iter:487/0000 Train Loss:0.030651 
Epoch/Iter:487/0000 Test Loss:2.552031 acc:0.613176 data:val 
step: 488/600 81% [Remain: 0h/ 1m/41s | 0.91s/step]

Epoch/Iter:488/0000 Train Loss:0.451373 
Epoch/Iter:488/0000 Test Loss:2.765880 acc:0.706503 data:val 
step: 489/600 82% [Remain: 0h/ 1m/40s | 0.91s/step]

Epoch/Iter:489/0000 Train Loss:0.404504 
Epoch/Iter:489/0000 Test Loss:2.358854 acc:0.816723 data:val 
step: 490/600 82% [Remain: 0h/ 1m/39s | 0.91s/step]

Epoch/Iter:490/0000 Train Loss:0.011615 
Epoch/Iter:490/0000 Test Loss:2.401963 acc:0.776605 data:val 
step: 491/600 82% [Remain: 0h/ 1m/38s | 0.91s/step]

Epoch/Iter:491/0000 Train Loss:0.097077 
Epoch/Iter:491/0000 Test Loss:2.539920 acc:0.688345 data:val 
step: 492/600 82% [Remain: 0h/ 1m/37s | 0.91s/step]

Epoch/Iter:492/0000 Train Loss:0.338401 
Epoch/Iter:492/0000 Test Loss:2.379148 acc:0.801943 data:val 
step: 493/600 82% [Remain: 0h/ 1m/36s | 0.91s/step]

Epoch/Iter:493/0000 Train Loss:0.103341 
Epoch/Iter:493/0000 Test Loss:2.267030 acc:0.807855 data:val 
step: 494/600 82% [Remain: 0h/ 1m/35s | 0.91s/step]

Epoch/Iter:494/0000 Train Loss:0.066136 
Epoch/Iter:494/0000 Test Loss:2.200198 acc:0.814611 data:val 
step: 495/600 82% [Remain: 0h/ 1m/35s | 0.91s/step]

Epoch/Iter:495/0000 Train Loss:0.029591 
Epoch/Iter:495/0000 Test Loss:2.358977 acc:0.795608 data:val 
step: 496/600 83% [Remain: 0h/ 1m/34s | 0.91s/step]

Epoch/Iter:496/0000 Train Loss:0.077590 
Epoch/Iter:496/0000 Test Loss:2.390949 acc:0.735642 data:val 
step: 497/600 83% [Remain: 0h/ 1m/33s | 0.91s/step]

Epoch/Iter:497/0000 Train Loss:0.333100 
Epoch/Iter:497/0000 Test Loss:2.484280 acc:0.780405 data:val 
step: 498/600 83% [Remain: 0h/ 1m/32s | 0.91s/step]

Epoch/Iter:498/0000 Train Loss:0.059591 
Epoch/Iter:498/0000 Test Loss:2.396527 acc:0.724240 data:val 
step: 499/600 83% [Remain: 0h/ 1m/31s | 0.91s/step]

Epoch/Iter:499/0000 Train Loss:0.258871 
Epoch/Iter:499/0000 Test Loss:2.270855 acc:0.819257 data:val 
step: 500/600 83% [Remain: 0h/ 1m/30s | 0.91s/step]

Epoch/Iter:500/0000 Train Loss:0.025687 
Epoch/Iter:500/0000 Test Loss:2.472193 acc:0.807855 data:val 
step: 501/600 84% [Remain: 0h/ 1m/29s | 0.91s/step]

Epoch/Iter:501/0000 Train Loss:0.045244 
Epoch/Iter:501/0000 Test Loss:2.437586 acc:0.801943 data:val 
step: 502/600 84% [Remain: 0h/ 1m/28s | 0.91s/step]

Epoch/Iter:502/0000 Train Loss:0.045915 
Epoch/Iter:502/0000 Test Loss:2.511676 acc:0.807855 data:val 
step: 503/600 84% [Remain: 0h/ 1m/27s | 0.91s/step]

Epoch/Iter:503/0000 Train Loss:0.017244 
Epoch/Iter:503/0000 Test Loss:2.765274 acc:0.758868 data:val 
step: 504/600 84% [Remain: 0h/ 1m/26s | 0.91s/step]

Epoch/Iter:504/0000 Train Loss:0.096047 
Epoch/Iter:504/0000 Test Loss:2.156665 acc:0.822635 data:val 
step: 505/600 84% [Remain: 0h/ 1m/26s | 0.91s/step]

Epoch/Iter:505/0000 Train Loss:0.033896 
Epoch/Iter:505/0000 Test Loss:2.190982 acc:0.817990 data:val 
step: 506/600 84% [Remain: 0h/ 1m/25s | 0.91s/step]

Epoch/Iter:506/0000 Train Loss:0.039855 
Epoch/Iter:506/0000 Test Loss:2.503508 acc:0.778716 data:val 
step: 507/600 84% [Remain: 0h/ 1m/24s | 0.91s/step]

Epoch/Iter:507/0000 Train Loss:0.075494 
Epoch/Iter:507/0000 Test Loss:2.496602 acc:0.805321 data:val 
step: 508/600 85% [Remain: 0h/ 1m/23s | 0.91s/step]

Epoch/Iter:508/0000 Train Loss:0.023060 
Epoch/Iter:508/0000 Test Loss:2.371008 acc:0.807432 data:val 
step: 509/600 85% [Remain: 0h/ 1m/22s | 0.91s/step]

Epoch/Iter:509/0000 Train Loss:0.033354 
Epoch/Iter:509/0000 Test Loss:2.564158 acc:0.753801 data:val 
step: 510/600 85% [Remain: 0h/ 1m/21s | 0.91s/step]

Epoch/Iter:510/0000 Train Loss:0.123465 
Epoch/Iter:510/0000 Test Loss:2.626516 acc:0.794764 data:val 
step: 511/600 85% [Remain: 0h/ 1m/20s | 0.91s/step]

Epoch/Iter:511/0000 Train Loss:0.104684 
Epoch/Iter:511/0000 Test Loss:2.420357 acc:0.807432 data:val 
step: 512/600 85% [Remain: 0h/ 1m/19s | 0.91s/step]

Epoch/Iter:512/0000 Train Loss:0.081137 
Epoch/Iter:512/0000 Test Loss:2.348640 acc:0.812922 data:val 
step: 513/600 86% [Remain: 0h/ 1m/18s | 0.91s/step]

Epoch/Iter:513/0000 Train Loss:0.064462 
Epoch/Iter:513/0000 Test Loss:2.883562 acc:0.765625 data:val 
step: 514/600 86% [Remain: 0h/ 1m/17s | 0.91s/step]

Epoch/Iter:514/0000 Train Loss:0.073248 
Epoch/Iter:514/0000 Test Loss:2.121324 acc:0.826436 data:val 
step: 515/600 86% [Remain: 0h/ 1m/16s | 0.91s/step]

Epoch/Iter:515/0000 Train Loss:0.042868 
Epoch/Iter:515/0000 Test Loss:2.234892 acc:0.819679 data:val 
step: 516/600 86% [Remain: 0h/ 1m/16s | 0.91s/step]

Epoch/Iter:516/0000 Train Loss:0.028984 
Epoch/Iter:516/0000 Test Loss:2.180460 acc:0.817990 data:val 
step: 517/600 86% [Remain: 0h/ 1m/15s | 0.91s/step]

Epoch/Iter:517/0000 Train Loss:0.038030 
Epoch/Iter:517/0000 Test Loss:2.915527 acc:0.622466 data:val 
step: 518/600 86% [Remain: 0h/ 1m/14s | 0.91s/step]

Epoch/Iter:518/0000 Train Loss:0.978045 
Epoch/Iter:518/0000 Test Loss:2.264569 acc:0.820101 data:val 
step: 519/600 86% [Remain: 0h/ 1m/13s | 0.91s/step]

Epoch/Iter:519/0000 Train Loss:0.032218 
Epoch/Iter:519/0000 Test Loss:3.983270 acc:0.522804 data:val 
step: 520/600 87% [Remain: 0h/ 1m/12s | 0.91s/step]

Epoch/Iter:520/0000 Train Loss:1.491970 
Epoch/Iter:520/0000 Test Loss:2.494631 acc:0.771537 data:val 
step: 521/600 87% [Remain: 0h/ 1m/11s | 0.91s/step]

Epoch/Iter:521/0000 Train Loss:0.060065 
Epoch/Iter:521/0000 Test Loss:2.486279 acc:0.804899 data:val 
step: 522/600 87% [Remain: 0h/ 1m/10s | 0.91s/step]

Epoch/Iter:522/0000 Train Loss:0.032480 
Epoch/Iter:522/0000 Test Loss:2.503653 acc:0.815456 data:val 
step: 523/600 87% [Remain: 0h/ 1m/ 9s | 0.91s/step]

Epoch/Iter:523/0000 Train Loss:0.020833 
Epoch/Iter:523/0000 Test Loss:2.313319 acc:0.811655 data:val 
step: 524/600 87% [Remain: 0h/ 1m/ 8s | 0.91s/step]

Epoch/Iter:524/0000 Train Loss:0.040168 
Epoch/Iter:524/0000 Test Loss:2.329011 acc:0.815456 data:val 
step: 525/600 88% [Remain: 0h/ 1m/ 7s | 0.91s/step]

Epoch/Iter:525/0000 Train Loss:0.025442 
Epoch/Iter:525/0000 Test Loss:2.233573 acc:0.823057 data:val 
step: 526/600 88% [Remain: 0h/ 1m/ 6s | 0.91s/step]

Epoch/Iter:526/0000 Train Loss:0.045528 
Epoch/Iter:526/0000 Test Loss:2.104945 acc:0.816301 data:val 
step: 527/600 88% [Remain: 0h/ 1m/ 6s | 0.91s/step]

Epoch/Iter:527/0000 Train Loss:0.075022 
Epoch/Iter:527/0000 Test Loss:2.474438 acc:0.776182 data:val 
step: 528/600 88% [Remain: 0h/ 1m/ 5s | 0.91s/step]

Epoch/Iter:528/0000 Train Loss:0.086473 
Epoch/Iter:528/0000 Test Loss:2.240028 acc:0.823480 data:val 
step: 529/600 88% [Remain: 0h/ 1m/ 4s | 0.91s/step]

Epoch/Iter:529/0000 Train Loss:0.040997 
Epoch/Iter:529/0000 Test Loss:2.298504 acc:0.808277 data:val 
step: 530/600 88% [Remain: 0h/ 1m/ 3s | 0.91s/step]

Epoch/Iter:530/0000 Train Loss:0.066259 
Epoch/Iter:530/0000 Test Loss:2.232401 acc:0.823902 data:val 
step: 531/600 88% [Remain: 0h/ 1m/ 2s | 0.91s/step]

Epoch/Iter:531/0000 Train Loss:0.033809 
Epoch/Iter:531/0000 Test Loss:2.579303 acc:0.723395 data:val 
step: 532/600 89% [Remain: 0h/ 1m/ 1s | 0.91s/step]

Epoch/Iter:532/0000 Train Loss:0.173950 
Epoch/Iter:532/0000 Test Loss:2.292931 acc:0.816723 data:val 
step: 533/600 89% [Remain: 0h/ 1m/ 0s | 0.91s/step]

Epoch/Iter:533/0000 Train Loss:0.045730 
Epoch/Iter:533/0000 Test Loss:2.672714 acc:0.758024 data:val 
step: 534/600 89% [Remain: 0h/ 0m/59s | 0.91s/step]

Epoch/Iter:534/0000 Train Loss:0.171292 
Epoch/Iter:534/0000 Test Loss:2.291766 acc:0.814189 data:val 
step: 535/600 89% [Remain: 0h/ 0m/58s | 0.91s/step]

Epoch/Iter:535/0000 Train Loss:0.037684 
Epoch/Iter:535/0000 Test Loss:2.451273 acc:0.715794 data:val 
step: 536/600 89% [Remain: 0h/ 0m/57s | 0.91s/step]

Epoch/Iter:536/0000 Train Loss:0.153907 
Epoch/Iter:536/0000 Test Loss:2.640193 acc:0.747889 data:val 
step: 537/600 90% [Remain: 0h/ 0m/57s | 0.91s/step]

Epoch/Iter:537/0000 Train Loss:0.102194 
Epoch/Iter:537/0000 Test Loss:2.747430 acc:0.682855 data:val 
step: 538/600 90% [Remain: 0h/ 0m/56s | 0.91s/step]

Epoch/Iter:538/0000 Train Loss:0.531583 
Epoch/Iter:538/0000 Test Loss:2.276581 acc:0.820524 data:val 
step: 539/600 90% [Remain: 0h/ 0m/55s | 0.91s/step]

Epoch/Iter:539/0000 Train Loss:0.033146 
Epoch/Iter:539/0000 Test Loss:3.173943 acc:0.672297 data:val 
step: 540/600 90% [Remain: 0h/ 0m/54s | 0.91s/step]

Epoch/Iter:540/0000 Train Loss:0.245160 
Epoch/Iter:540/0000 Test Loss:2.415909 acc:0.780828 data:val 
step: 541/600 90% [Remain: 0h/ 0m/53s | 0.91s/step]

Epoch/Iter:541/0000 Train Loss:0.130617 
Epoch/Iter:541/0000 Test Loss:2.342734 acc:0.817568 data:val 
step: 542/600 90% [Remain: 0h/ 0m/52s | 0.91s/step]

Epoch/Iter:542/0000 Train Loss:0.030603 
Epoch/Iter:542/0000 Test Loss:3.719012 acc:0.691301 data:val 
step: 543/600 90% [Remain: 0h/ 0m/51s | 0.91s/step]

Epoch/Iter:543/0000 Train Loss:0.396196 
Epoch/Iter:543/0000 Test Loss:2.539220 acc:0.801520 data:val 
step: 544/600 91% [Remain: 0h/ 0m/50s | 0.91s/step]

Epoch/Iter:544/0000 Train Loss:0.038282 
Epoch/Iter:544/0000 Test Loss:2.618661 acc:0.764358 data:val 
step: 545/600 91% [Remain: 0h/ 0m/49s | 0.91s/step]

Epoch/Iter:545/0000 Train Loss:0.103302 
Epoch/Iter:545/0000 Test Loss:2.508948 acc:0.801520 data:val 
step: 546/600 91% [Remain: 0h/ 0m/48s | 0.91s/step]

Epoch/Iter:546/0000 Train Loss:0.063248 
Epoch/Iter:546/0000 Test Loss:2.532261 acc:0.810811 data:val 
step: 547/600 91% [Remain: 0h/ 0m/48s | 0.91s/step]

Epoch/Iter:547/0000 Train Loss:0.024639 
Epoch/Iter:547/0000 Test Loss:2.484630 acc:0.753801 data:val 
step: 548/600 91% [Remain: 0h/ 0m/47s | 0.91s/step]

Epoch/Iter:548/0000 Train Loss:0.305542 
Epoch/Iter:548/0000 Test Loss:2.352760 acc:0.766470 data:val 
step: 549/600 92% [Remain: 0h/ 0m/46s | 0.91s/step]

Epoch/Iter:549/0000 Train Loss:0.105263 
Epoch/Iter:549/0000 Test Loss:2.519794 acc:0.740287 data:val 
step: 550/600 92% [Remain: 0h/ 0m/45s | 0.91s/step]

Epoch/Iter:550/0000 Train Loss:0.078983 
Epoch/Iter:550/0000 Test Loss:2.360498 acc:0.815456 data:val 
step: 551/600 92% [Remain: 0h/ 0m/44s | 0.91s/step]

Epoch/Iter:551/0000 Train Loss:0.029025 
Epoch/Iter:551/0000 Test Loss:2.375110 acc:0.815456 data:val 
step: 552/600 92% [Remain: 0h/ 0m/43s | 0.91s/step]

Epoch/Iter:552/0000 Train Loss:0.043390 
Epoch/Iter:552/0000 Test Loss:2.278100 acc:0.815456 data:val 
step: 553/600 92% [Remain: 0h/ 0m/42s | 0.91s/step]

Epoch/Iter:553/0000 Train Loss:0.026524 
Epoch/Iter:553/0000 Test Loss:2.421597 acc:0.797297 data:val 
step: 554/600 92% [Remain: 0h/ 0m/41s | 0.91s/step]

Epoch/Iter:554/0000 Train Loss:0.044549 
Epoch/Iter:554/0000 Test Loss:2.276954 acc:0.813345 data:val 
step: 555/600 92% [Remain: 0h/ 0m/40s | 0.91s/step]

Epoch/Iter:555/0000 Train Loss:0.046399 
Epoch/Iter:555/0000 Test Loss:2.432048 acc:0.780405 data:val 
step: 556/600 93% [Remain: 0h/ 0m/39s | 0.91s/step]

Epoch/Iter:556/0000 Train Loss:0.149346 
Epoch/Iter:556/0000 Test Loss:2.151064 acc:0.822635 data:val 
step: 557/600 93% [Remain: 0h/ 0m/38s | 0.91s/step]

Epoch/Iter:557/0000 Train Loss:0.032727 
Epoch/Iter:557/0000 Test Loss:2.258401 acc:0.813345 data:val 
step: 558/600 93% [Remain: 0h/ 0m/38s | 0.91s/step]

Epoch/Iter:558/0000 Train Loss:0.028192 
Epoch/Iter:558/0000 Test Loss:2.263378 acc:0.815034 data:val 
step: 559/600 93% [Remain: 0h/ 0m/37s | 0.91s/step]

Epoch/Iter:559/0000 Train Loss:0.034308 
Epoch/Iter:559/0000 Test Loss:2.465603 acc:0.755912 data:val 
step: 560/600 93% [Remain: 0h/ 0m/36s | 0.91s/step]

Epoch/Iter:560/0000 Train Loss:0.139747 
Epoch/Iter:560/0000 Test Loss:2.161293 acc:0.790541 data:val 
step: 561/600 94% [Remain: 0h/ 0m/35s | 0.91s/step]

Epoch/Iter:561/0000 Train Loss:0.043730 
Epoch/Iter:561/0000 Test Loss:2.031129 acc:0.822635 data:val 
step: 562/600 94% [Remain: 0h/ 0m/34s | 0.91s/step]

Epoch/Iter:562/0000 Train Loss:0.039135 
Epoch/Iter:562/0000 Test Loss:2.007047 acc:0.825169 data:val 
step: 563/600 94% [Remain: 0h/ 0m/33s | 0.91s/step]

Epoch/Iter:563/0000 Train Loss:0.028173 
Epoch/Iter:563/0000 Test Loss:2.230743 acc:0.815878 data:val 
step: 564/600 94% [Remain: 0h/ 0m/32s | 0.91s/step]

Epoch/Iter:564/0000 Train Loss:0.032859 
Epoch/Iter:564/0000 Test Loss:1.634498 acc:0.799831 data:val 
step: 565/600 94% [Remain: 0h/ 0m/31s | 0.91s/step]

Epoch/Iter:565/0000 Train Loss:0.096516 
Epoch/Iter:565/0000 Test Loss:1.846680 acc:0.833193 data:val 
step: 566/600 94% [Remain: 0h/ 0m/30s | 0.91s/step]

Epoch/Iter:566/0000 Train Loss:0.014531 
Epoch/Iter:566/0000 Test Loss:1.962129 acc:0.786318 data:val 
step: 567/600 94% [Remain: 0h/ 0m/29s | 0.91s/step]

Epoch/Iter:567/0000 Train Loss:0.103572 
Epoch/Iter:567/0000 Test Loss:1.910259 acc:0.831081 data:val 
step: 568/600 95% [Remain: 0h/ 0m/28s | 0.91s/step]

Epoch/Iter:568/0000 Train Loss:0.026957 
Epoch/Iter:568/0000 Test Loss:1.985248 acc:0.826014 data:val 
step: 569/600 95% [Remain: 0h/ 0m/28s | 0.91s/step]

Epoch/Iter:569/0000 Train Loss:0.045090 
Epoch/Iter:569/0000 Test Loss:2.062333 acc:0.826014 data:val 
step: 570/600 95% [Remain: 0h/ 0m/27s | 0.91s/step]

Epoch/Iter:570/0000 Train Loss:0.058857 
Epoch/Iter:570/0000 Test Loss:1.980207 acc:0.819257 data:val 
step: 571/600 95% [Remain: 0h/ 0m/26s | 0.91s/step]

Epoch/Iter:571/0000 Train Loss:0.074460 
Epoch/Iter:571/0000 Test Loss:2.099030 acc:0.776182 data:val 
step: 572/600 95% [Remain: 0h/ 0m/25s | 0.91s/step]

Epoch/Iter:572/0000 Train Loss:0.113522 
Epoch/Iter:572/0000 Test Loss:2.078681 acc:0.730152 data:val 
step: 573/600 96% [Remain: 0h/ 0m/24s | 0.91s/step]

Epoch/Iter:573/0000 Train Loss:0.287250 
Epoch/Iter:573/0000 Test Loss:2.000864 acc:0.767736 data:val 
step: 574/600 96% [Remain: 0h/ 0m/23s | 0.91s/step]

Epoch/Iter:574/0000 Train Loss:0.249111 
Epoch/Iter:574/0000 Test Loss:1.967254 acc:0.820101 data:val 
step: 575/600 96% [Remain: 0h/ 0m/22s | 0.91s/step]

Epoch/Iter:575/0000 Train Loss:0.009049 
Epoch/Iter:575/0000 Test Loss:1.982183 acc:0.829814 data:val 
step: 576/600 96% [Remain: 0h/ 0m/21s | 0.91s/step]

Epoch/Iter:576/0000 Train Loss:0.027766 
Epoch/Iter:576/0000 Test Loss:2.036100 acc:0.822213 data:val 
step: 577/600 96% [Remain: 0h/ 0m/20s | 0.91s/step]

Epoch/Iter:577/0000 Train Loss:0.042398 
Epoch/Iter:577/0000 Test Loss:1.885049 acc:0.827703 data:val 
step: 578/600 96% [Remain: 0h/ 0m/19s | 0.91s/step]

Epoch/Iter:578/0000 Train Loss:0.024037 
Epoch/Iter:578/0000 Test Loss:2.183539 acc:0.767736 data:val 
step: 579/600 96% [Remain: 0h/ 0m/19s | 0.91s/step]

Epoch/Iter:579/0000 Train Loss:0.247315 
Epoch/Iter:579/0000 Test Loss:2.014462 acc:0.825169 data:val 
step: 580/600 97% [Remain: 0h/ 0m/18s | 0.91s/step]

Epoch/Iter:580/0000 Train Loss:0.047583 
Epoch/Iter:580/0000 Test Loss:2.772180 acc:0.581926 data:val 
step: 581/600 97% [Remain: 0h/ 0m/17s | 0.91s/step]

Epoch/Iter:581/0000 Train Loss:1.120623 
Epoch/Iter:581/0000 Test Loss:2.085373 acc:0.831926 data:val 
step: 582/600 97% [Remain: 0h/ 0m/16s | 0.91s/step]

Epoch/Iter:582/0000 Train Loss:0.021636 
Epoch/Iter:582/0000 Test Loss:2.052606 acc:0.833615 data:val 
step: 583/600 97% [Remain: 0h/ 0m/15s | 0.91s/step]

Epoch/Iter:583/0000 Train Loss:0.025559 
Epoch/Iter:583/0000 Test Loss:2.496126 acc:0.672720 data:val 
step: 584/600 97% [Remain: 0h/ 0m/14s | 0.91s/step]

Epoch/Iter:584/0000 Train Loss:0.541185 
Epoch/Iter:584/0000 Test Loss:3.328122 acc:0.567568 data:val 
step: 585/600 98% [Remain: 0h/ 0m/13s | 0.91s/step]

Epoch/Iter:585/0000 Train Loss:0.962150 
Epoch/Iter:585/0000 Test Loss:2.117376 acc:0.815878 data:val 
step: 586/600 98% [Remain: 0h/ 0m/12s | 0.91s/step]

Epoch/Iter:586/0000 Train Loss:0.029028 
Epoch/Iter:586/0000 Test Loss:2.052828 acc:0.820524 data:val 
step: 587/600 98% [Remain: 0h/ 0m/11s | 0.91s/step]

Epoch/Iter:587/0000 Train Loss:0.021187 
Epoch/Iter:587/0000 Test Loss:1.968659 acc:0.826014 data:val 
step: 588/600 98% [Remain: 0h/ 0m/10s | 0.91s/step]

Epoch/Iter:588/0000 Train Loss:0.018955 
Epoch/Iter:588/0000 Test Loss:2.075733 acc:0.826014 data:val 
step: 589/600 98% [Remain: 0h/ 0m/ 9s | 0.91s/step]

Epoch/Iter:589/0000 Train Loss:0.032633 
Epoch/Iter:589/0000 Test Loss:2.081945 acc:0.684544 data:val 
step: 590/600 98% [Remain: 0h/ 0m/ 9s | 0.91s/step]

Epoch/Iter:590/0000 Train Loss:0.242217 
Epoch/Iter:590/0000 Test Loss:2.066319 acc:0.826436 data:val 
step: 591/600 98% [Remain: 0h/ 0m/ 8s | 0.91s/step]

Epoch/Iter:591/0000 Train Loss:0.026290 
Epoch/Iter:591/0000 Test Loss:1.949148 acc:0.831503 data:val 
step: 592/600 99% [Remain: 0h/ 0m/ 7s | 0.91s/step]

Epoch/Iter:592/0000 Train Loss:0.030974 
Epoch/Iter:592/0000 Test Loss:2.027219 acc:0.828547 data:val 
step: 593/600 99% [Remain: 0h/ 0m/ 6s | 0.91s/step]

Epoch/Iter:593/0000 Train Loss:0.015445 
Epoch/Iter:593/0000 Test Loss:2.445729 acc:0.718328 data:val 
step: 594/600 99% [Remain: 0h/ 0m/ 5s | 0.91s/step]

Epoch/Iter:594/0000 Train Loss:0.232931 
Epoch/Iter:594/0000 Test Loss:2.208759 acc:0.817145 data:val 
step: 595/600 99% [Remain: 0h/ 0m/ 4s | 0.91s/step]

Epoch/Iter:595/0000 Train Loss:0.037768 
Epoch/Iter:595/0000 Test Loss:2.113040 acc:0.820524 data:val 
step: 596/600 99% [Remain: 0h/ 0m/ 3s | 0.91s/step]

Epoch/Iter:596/0000 Train Loss:0.040061 
Epoch/Iter:596/0000 Test Loss:2.166320 acc:0.818412 data:val 
step: 597/600 100% [Remain: 0h/ 0m/ 2s | 0.91s/step]

Epoch/Iter:597/0000 Train Loss:0.019225 
Epoch/Iter:597/0000 Test Loss:2.005718 acc:0.828970 data:val 
step: 598/600 100% [Remain: 0h/ 0m/ 1s | 0.91s/step]

Epoch/Iter:598/0000 Train Loss:0.021861 
Epoch/Iter:598/0000 Test Loss:2.269285 acc:0.782939 data:val 
step: 599/600 100% [Remain: 0h/ 0m/ 0s | 0.91s/step]

Epoch/Iter:599/0000 Train Loss:0.059452 
Epoch/Iter:599/0000 Test Loss:2.058177 acc:0.814189 data:val 
step: 600/600 100% [Remain: 0h/ 0m/ 0s | 0.91s/step]

=> loaded checkpoint (epoch 583)
Best epoch: 583 

Epoch/Iter:000/0000 Test Loss:0.023225 acc:0.997466 data:train 
Epoch/Iter:000/0000 Test Loss:2.046234 acc:0.834459 data:val 
